Using pre-set license
Built from '2020.2/release' branch; Version is '2020.2.2f1 (068178b99f32) revision 426360'; Using compiler version '192528614'; Build Type 'Release'
OS: 'Windows 10 Pro; OS build 19042.1052; Version 2009; 64bit' Language: 'en' Physical Memory: 32704 MB
BatchMode: 1, IsHumanControllingUs: 0, StartBugReporterOnCrash: 0, Is64bit: 1, IsPro: 0

 COMMAND LINE ARGUMENTS:
C:\Program Files\Unity\Hub\Editor\2020.2.2f1\Editor\Unity.exe
-adb2
-batchMode
-noUpm
-name
AssetImportWorker0
-projectPath
F:/Unity Projects/DoodleJump2DTAFEX
-logFile
Logs/AssetImportWorker0.log
-srvPort
64890
Successfully changed project path to: F:/Unity Projects/DoodleJump2DTAFEX
F:/Unity Projects/DoodleJump2DTAFEX
Using Asset Import Pipeline V2.
Refreshing native plugins compatible for Editor in 136.73 ms, found 1 plugins.
Preloading 0 native plugins for Editor in 0.00 ms.
Initialize engine version: 2020.2.2f1 (068178b99f32)
[Subsystems] Discovering subsystems at path C:/Program Files/Unity/Hub/Editor/2020.2.2f1/Editor/Data/Resources/UnitySubsystems
[Subsystems] Discovering subsystems at path F:/Unity Projects/DoodleJump2DTAFEX/Assets
GfxDevice: creating device client; threaded=0
Direct3D:
    Version:  Direct3D 11.0 [level 11.1]
    Renderer: NVIDIA GeForce RTX 3080 (ID=0x2206)
    Vendor:   
    VRAM:     10078 MB
    Driver:   27.21.14.6611
Initialize mono
Mono path[0] = 'C:/Program Files/Unity/Hub/Editor/2020.2.2f1/Editor/Data/Managed'
Mono path[1] = 'C:/Program Files/Unity/Hub/Editor/2020.2.2f1/Editor/Data/MonoBleedingEdge/lib/mono/unityjit'
Mono config path = 'C:/Program Files/Unity/Hub/Editor/2020.2.2f1/Editor/Data/MonoBleedingEdge/etc'
Using monoOptions --debugger-agent=transport=dt_socket,embedding=1,server=y,suspend=n,address=127.0.0.1:56340
Begin MonoManager ReloadAssembly
Registering precompiled unity dll's ...
Register platform support module: C:/Program Files/Unity/Hub/Editor/2020.2.2f1/Editor/Data/PlaybackEngines/MacStandaloneSupport/UnityEditor.OSXStandalone.Extensions.dll
Register platform support module: C:/Program Files/Unity/Hub/Editor/2020.2.2f1/Editor/Data/PlaybackEngines/WindowsStandaloneSupport/UnityEditor.WindowsStandalone.Extensions.dll
Register platform support module: C:/Program Files/Unity/Hub/Editor/2020.2.2f1/Editor/Data/PlaybackEngines/LinuxStandaloneSupport/UnityEditor.LinuxStandalone.Extensions.dll
Registered in 0.189428 seconds.
Native extension for LinuxStandalone target not found
Native extension for WindowsStandalone target not found
Native extension for OSXStandalone target not found
Refreshing native plugins compatible for Editor in 33.47 ms, found 1 plugins.
Preloading 0 native plugins for Editor in 0.00 ms.
Invoked RoslynAnalysisRunner static constructor.
RoslynAnalysisRunner will not be running.
RoslynAnalysisRunner has terminated.
Mono: successfully reloaded assembly
- Completed reload, in  4.905 seconds
Platform modules already initialized, skipping
Registering precompiled user dll's ...
Registered in 0.159135 seconds.
Begin MonoManager ReloadAssembly
Native extension for LinuxStandalone target not found
Native extension for WindowsStandalone target not found
Native extension for OSXStandalone target not found
Refreshing native plugins compatible for Editor in 34.72 ms, found 1 plugins.
Preloading 0 native plugins for Editor in 0.00 ms.
Invoked RoslynAnalysisRunner static constructor.
RoslynAnalysisRunner will not be running.
RoslynAnalysisRunner has terminated.
Mono: successfully reloaded assembly
- Completed reload, in  4.769 seconds
Platform modules already initialized, skipping
========================================================================
Worker process is ready to serve import requests
Launched and connected shader compiler UnityShaderCompiler.exe after 0.10 seconds
Refreshing native plugins compatible for Editor in 0.32 ms, found 1 plugins.
Preloading 0 native plugins for Editor in 0.00 ms.
Unloading 1821 Unused Serialized files (Serialized files now loaded: 0)
System memory in use before: 86.4 MB.
System memory in use after: 86.5 MB.

Unloading 19 unused Assets to reduce memory usage. Loaded Objects now: 2268.
Total: 2.487400 ms (FindLiveObjects: 0.189900 ms CreateObjectMapping: 0.070600 ms MarkObjects: 2.140300 ms  DeleteObjects: 0.085600 ms)

========================================================================
Received Import Request.
  path: Assets/Scripts/Saving Stuff
  artifactKey: Guid(3c0df248ce9f112428f16170bd2e0609) Importer(815301076,1909f56bfc062723c751e8b465ee728b)
Start importing Assets/Scripts/Saving Stuff using Guid(3c0df248ce9f112428f16170bd2e0609) Importer(815301076,1909f56bfc062723c751e8b465ee728b)  -> (artifact id: 'e03f334b8afc0228f0a928ba05fb4c05') in 0.008017 seconds
  Import took 0.035807 seconds .

========================================================================
Received Import Request.
  Time since last request: 264.599524 seconds.
  path: Assets/Scripts/UIStuff/HighScoreTable.cs
  artifactKey: Guid(db698a2a95e782345abc8ba4ba381d5e) Importer(815301076,1909f56bfc062723c751e8b465ee728b)
Start importing Assets/Scripts/UIStuff/HighScoreTable.cs using Guid(db698a2a95e782345abc8ba4ba381d5e) Importer(815301076,1909f56bfc062723c751e8b465ee728b)  -> (artifact id: 'ea883ac370bc22cdb42894ae662abc15') in 0.048814 seconds
  Import took 0.081136 seconds .

========================================================================
Received Import Request.
  Time since last request: 0.089122 seconds.
  path: Assets/Scripts/UIStuff/HighScoreTable.cs
  artifactKey: Guid(db698a2a95e782345abc8ba4ba381d5e) Importer(815301076,1909f56bfc062723c751e8b465ee728b)
Start importing Assets/Scripts/UIStuff/HighScoreTable.cs using Guid(db698a2a95e782345abc8ba4ba381d5e) Importer(815301076,1909f56bfc062723c751e8b465ee728b)  -> (artifact id: 'ea883ac370bc22cdb42894ae662abc15') in 0.002403 seconds
  Import took 0.048457 seconds .

========================================================================
Received Prepare
Registering precompiled user dll's ...
Registered in 0.000957 seconds.
Begin MonoManager ReloadAssembly
Native extension for LinuxStandalone target not found
Native extension for WindowsStandalone target not found
Native extension for OSXStandalone target not found
Refreshing native plugins compatible for Editor in 0.34 ms, found 1 plugins.
Preloading 0 native plugins for Editor in 0.00 ms.
Invoked RoslynAnalysisRunner static constructor.
RoslynAnalysisRunner will not be running.
RoslynAnalysisRunner has terminated.
Mono: successfully reloaded assembly
- Completed reload, in  0.818 seconds
Platform modules already initialized, skipping
Refreshing native plugins compatible for Editor in 0.33 ms, found 1 plugins.
Preloading 0 native plugins for Editor in 0.00 ms.
Unloading 1798 Unused Serialized files (Serialized files now loaded: 0)
System memory in use before: 85.1 MB.
System memory in use after: 85.3 MB.

Unloading 7 unused Assets to reduce memory usage. Loaded Objects now: 2271.
Total: 1.746200 ms (FindLiveObjects: 0.181200 ms CreateObjectMapping: 0.051800 ms MarkObjects: 1.496800 ms  DeleteObjects: 0.015100 ms)

========================================================================
Received Import Request.
  Time since last request: 200.542630 seconds.
  path: Assets/Scripts/UIStuff/HighScoreTable.cs
  artifactKey: Guid(db698a2a95e782345abc8ba4ba381d5e) Importer(815301076,1909f56bfc062723c751e8b465ee728b)
Start importing Assets/Scripts/UIStuff/HighScoreTable.cs using Guid(db698a2a95e782345abc8ba4ba381d5e) Importer(815301076,1909f56bfc062723c751e8b465ee728b)  -> (artifact id: '1e735e952294708abc95c1735288be28') in 0.006406 seconds
  Import took 0.033838 seconds .

========================================================================
Received Import Request.
  Time since last request: 0.068488 seconds.
  path: Assets/Scripts/UIStuff/HighScoreTable.cs
  artifactKey: Guid(db698a2a95e782345abc8ba4ba381d5e) Importer(815301076,1909f56bfc062723c751e8b465ee728b)
Start importing Assets/Scripts/UIStuff/HighScoreTable.cs using Guid(db698a2a95e782345abc8ba4ba381d5e) Importer(815301076,1909f56bfc062723c751e8b465ee728b)  -> (artifact id: '1e735e952294708abc95c1735288be28') in 0.010441 seconds
  Import took 0.014661 seconds .

========================================================================
Received Import Request.
  Time since last request: 2.278885 seconds.
  path: Assets/Scripts/UIStuff/HighScoreTable.cs
  artifactKey: Guid(db698a2a95e782345abc8ba4ba381d5e) Importer(815301076,1909f56bfc062723c751e8b465ee728b)
Start importing Assets/Scripts/UIStuff/HighScoreTable.cs using Guid(db698a2a95e782345abc8ba4ba381d5e) Importer(815301076,1909f56bfc062723c751e8b465ee728b)  -> (artifact id: '1665e59ed6fb128663243df9c0851d40') in 0.002430 seconds
  Import took 0.011494 seconds .

========================================================================
Received Import Request.
  Time since last request: 1003.040990 seconds.
  path: Assets/Scripts/UIStuff/HighScoreTable.cs
  artifactKey: Guid(db698a2a95e782345abc8ba4ba381d5e) Importer(815301076,1909f56bfc062723c751e8b465ee728b)
Start importing Assets/Scripts/UIStuff/HighScoreTable.cs using Guid(db698a2a95e782345abc8ba4ba381d5e) Importer(815301076,1909f56bfc062723c751e8b465ee728b)  -> (artifact id: 'afef5796c815afd046a7c187dc40fb70') in 0.001953 seconds
  Import took 0.032099 seconds .

========================================================================
Received Import Request.
  Time since last request: 0.056974 seconds.
  path: Assets/Scripts/UIStuff/HighScoreTable.cs
  artifactKey: Guid(db698a2a95e782345abc8ba4ba381d5e) Importer(815301076,1909f56bfc062723c751e8b465ee728b)
Start importing Assets/Scripts/UIStuff/HighScoreTable.cs using Guid(db698a2a95e782345abc8ba4ba381d5e) Importer(815301076,1909f56bfc062723c751e8b465ee728b)  -> (artifact id: 'afef5796c815afd046a7c187dc40fb70') in 0.003500 seconds
  Import took 0.008868 seconds .

========================================================================
Received Import Request.
  Time since last request: 18.210080 seconds.
  path: Assets/Scripts/UIStuff/HighScoreTable.cs
  artifactKey: Guid(db698a2a95e782345abc8ba4ba381d5e) Importer(815301076,1909f56bfc062723c751e8b465ee728b)
Start importing Assets/Scripts/UIStuff/HighScoreTable.cs using Guid(db698a2a95e782345abc8ba4ba381d5e) Importer(815301076,1909f56bfc062723c751e8b465ee728b)  -> (artifact id: '28968e6fe399d0c8dad8fffa8df30ccc') in 0.001873 seconds
  Import took 0.043847 seconds .

========================================================================
Received Import Request.
  Time since last request: 0.032071 seconds.
  path: Assets/Scripts/UIStuff/HighScoreTable.cs
  artifactKey: Guid(db698a2a95e782345abc8ba4ba381d5e) Importer(815301076,1909f56bfc062723c751e8b465ee728b)
Start importing Assets/Scripts/UIStuff/HighScoreTable.cs using Guid(db698a2a95e782345abc8ba4ba381d5e) Importer(815301076,1909f56bfc062723c751e8b465ee728b)  -> (artifact id: '28968e6fe399d0c8dad8fffa8df30ccc') in 0.003073 seconds
  Import took 0.007560 seconds .

========================================================================
Received Import Request.
  Time since last request: 187.664666 seconds.
  path: Assets/Scripts/UIStuff/HighScoreTable.cs
  artifactKey: Guid(db698a2a95e782345abc8ba4ba381d5e) Importer(815301076,1909f56bfc062723c751e8b465ee728b)
Start importing Assets/Scripts/UIStuff/HighScoreTable.cs using Guid(db698a2a95e782345abc8ba4ba381d5e) Importer(815301076,1909f56bfc062723c751e8b465ee728b)  -> (artifact id: '24768db93d174ea8d1badbbef567a63c') in 0.002431 seconds
  Import took 0.025957 seconds .

========================================================================
Received Import Request.
  Time since last request: 173.379188 seconds.
  path: Assets/Scripts/UIStuff/HighScoreTable.cs
  artifactKey: Guid(db698a2a95e782345abc8ba4ba381d5e) Importer(815301076,1909f56bfc062723c751e8b465ee728b)
Start importing Assets/Scripts/UIStuff/HighScoreTable.cs using Guid(db698a2a95e782345abc8ba4ba381d5e) Importer(815301076,1909f56bfc062723c751e8b465ee728b)  -> (artifact id: '16bc44fd8176834745f2637ba0d02996') in 0.001850 seconds
  Import took 0.004503 seconds .

========================================================================
Received Import Request.
  Time since last request: 0.063167 seconds.
  path: Assets/Scripts/UIStuff/HighScoreTable.cs
  artifactKey: Guid(db698a2a95e782345abc8ba4ba381d5e) Importer(815301076,1909f56bfc062723c751e8b465ee728b)
Start importing Assets/Scripts/UIStuff/HighScoreTable.cs using Guid(db698a2a95e782345abc8ba4ba381d5e) Importer(815301076,1909f56bfc062723c751e8b465ee728b)  -> (artifact id: '16bc44fd8176834745f2637ba0d02996') in 0.002267 seconds
  Import took 0.005130 seconds .

========================================================================
Received Import Request.
  Time since last request: 10.491748 seconds.
  path: Assets/Scripts/UIStuff/HighScoreTable.cs
  artifactKey: Guid(db698a2a95e782345abc8ba4ba381d5e) Importer(815301076,1909f56bfc062723c751e8b465ee728b)
Start importing Assets/Scripts/UIStuff/HighScoreTable.cs using Guid(db698a2a95e782345abc8ba4ba381d5e) Importer(815301076,1909f56bfc062723c751e8b465ee728b)  -> (artifact id: '58dfc4ed2afc49df68bb097da0f0fce9') in 0.001992 seconds
  Import took 0.022823 seconds .

========================================================================
Received Import Request.
  Time since last request: 0.037809 seconds.
  path: Assets/Scripts/UIStuff/HighScoreTable.cs
  artifactKey: Guid(db698a2a95e782345abc8ba4ba381d5e) Importer(815301076,1909f56bfc062723c751e8b465ee728b)
Start importing Assets/Scripts/UIStuff/HighScoreTable.cs using Guid(db698a2a95e782345abc8ba4ba381d5e) Importer(815301076,1909f56bfc062723c751e8b465ee728b)  -> (artifact id: '58dfc4ed2afc49df68bb097da0f0fce9') in 0.002160 seconds
  Import took 0.004777 seconds .

========================================================================
Received Import Request.
  Time since last request: 105.275907 seconds.
  path: Assets/Scripts/UIStuff/HighScoreTable.cs
  artifactKey: Guid(db698a2a95e782345abc8ba4ba381d5e) Importer(815301076,1909f56bfc062723c751e8b465ee728b)
Start importing Assets/Scripts/UIStuff/HighScoreTable.cs using Guid(db698a2a95e782345abc8ba4ba381d5e) Importer(815301076,1909f56bfc062723c751e8b465ee728b)  -> (artifact id: 'b09564005638f8075853d4d04a309584') in 0.002095 seconds
  Import took 0.006408 seconds .

========================================================================
Received Import Request.
  Time since last request: 0.066466 seconds.
  path: Assets/Scripts/UIStuff/HighScoreTable.cs
  artifactKey: Guid(db698a2a95e782345abc8ba4ba381d5e) Importer(815301076,1909f56bfc062723c751e8b465ee728b)
Start importing Assets/Scripts/UIStuff/HighScoreTable.cs using Guid(db698a2a95e782345abc8ba4ba381d5e) Importer(815301076,1909f56bfc062723c751e8b465ee728b)  -> (artifact id: 'b09564005638f8075853d4d04a309584') in 0.003092 seconds
  Import took 0.007049 seconds .

========================================================================
Received Import Request.
  Time since last request: 521.524997 seconds.
  path: Assets/Scripts/UIStuff/HighScoreTable.cs
  artifactKey: Guid(db698a2a95e782345abc8ba4ba381d5e) Importer(815301076,1909f56bfc062723c751e8b465ee728b)
Start importing Assets/Scripts/UIStuff/HighScoreTable.cs using Guid(db698a2a95e782345abc8ba4ba381d5e) Importer(815301076,1909f56bfc062723c751e8b465ee728b)  -> (artifact id: 'e729a79bde00c64be3e822742c94facf') in 0.002246 seconds
  Import took 0.016396 seconds .

========================================================================
Received Prepare
Registering precompiled user dll's ...
Registered in 0.001017 seconds.
Begin MonoManager ReloadAssembly
Native extension for LinuxStandalone target not found
Native extension for WindowsStandalone target not found
Native extension for OSXStandalone target not found
Refreshing native plugins compatible for Editor in 0.35 ms, found 1 plugins.
Preloading 0 native plugins for Editor in 0.00 ms.
Invoked RoslynAnalysisRunner static constructor.
RoslynAnalysisRunner will not be running.
RoslynAnalysisRunner has terminated.
Mono: successfully reloaded assembly
- Completed reload, in  0.825 seconds
Platform modules already initialized, skipping
Refreshing native plugins compatible for Editor in 0.31 ms, found 1 plugins.
Preloading 0 native plugins for Editor in 0.00 ms.
Unloading 1799 Unused Serialized files (Serialized files now loaded: 0)
System memory in use before: 85.3 MB.
System memory in use after: 85.5 MB.

Unloading 7 unused Assets to reduce memory usage. Loaded Objects now: 2275.
Total: 1.666500 ms (FindLiveObjects: 0.173200 ms CreateObjectMapping: 0.061200 ms MarkObjects: 1.416300 ms  DeleteObjects: 0.014500 ms)

========================================================================
Received Prepare
Registering precompiled user dll's ...
Registered in 0.001134 seconds.
Begin MonoManager ReloadAssembly
Native extension for LinuxStandalone target not found
Native extension for WindowsStandalone target not found
Native extension for OSXStandalone target not found
Refreshing native plugins compatible for Editor in 0.32 ms, found 1 plugins.
Preloading 0 native plugins for Editor in 0.00 ms.
Invoked RoslynAnalysisRunner static constructor.
RoslynAnalysisRunner will not be running.
RoslynAnalysisRunner has terminated.
Mono: successfully reloaded assembly
- Completed reload, in  0.817 seconds
Platform modules already initialized, skipping
Refreshing native plugins compatible for Editor in 0.32 ms, found 1 plugins.
Preloading 0 native plugins for Editor in 0.00 ms.
Unloading 1799 Unused Serialized files (Serialized files now loaded: 0)
System memory in use before: 85.5 MB.
System memory in use after: 85.6 MB.

Unloading 8 unused Assets to reduce memory usage. Loaded Objects now: 2278.
Total: 2.053800 ms (FindLiveObjects: 0.211700 ms CreateObjectMapping: 0.064500 ms MarkObjects: 1.760500 ms  DeleteObjects: 0.015800 ms)

========================================================================
Received Prepare
Registering precompiled user dll's ...
Registered in 0.000991 seconds.
Begin MonoManager ReloadAssembly
Native extension for LinuxStandalone target not found
Native extension for WindowsStandalone target not found
Native extension for OSXStandalone target not found
Refreshing native plugins compatible for Editor in 0.49 ms, found 1 plugins.
Preloading 0 native plugins for Editor in 0.00 ms.
Invoked RoslynAnalysisRunner static constructor.
RoslynAnalysisRunner will not be running.
RoslynAnalysisRunner has terminated.
Mono: successfully reloaded assembly
- Completed reload, in  0.768 seconds
Platform modules already initialized, skipping
Refreshing native plugins compatible for Editor in 0.32 ms, found 1 plugins.
Preloading 0 native plugins for Editor in 0.00 ms.
Unloading 1799 Unused Serialized files (Serialized files now loaded: 0)
System memory in use before: 85.7 MB.
System memory in use after: 85.8 MB.

Unloading 7 unused Assets to reduce memory usage. Loaded Objects now: 2281.
Total: 1.553900 ms (FindLiveObjects: 0.166500 ms CreateObjectMapping: 0.068500 ms MarkObjects: 1.306300 ms  DeleteObjects: 0.011400 ms)

========================================================================
Received Import Request.
  Time since last request: 1189.957698 seconds.
  path: Assets/Scripts/UIStuff/SoundManager.cs
  artifactKey: Guid(6cd4a1560087b2a4ebe6d526cfcf5ec3) Importer(815301076,1909f56bfc062723c751e8b465ee728b)
Start importing Assets/Scripts/UIStuff/SoundManager.cs using Guid(6cd4a1560087b2a4ebe6d526cfcf5ec3) Importer(815301076,1909f56bfc062723c751e8b465ee728b)  -> (artifact id: '3980d2751ee0de809f492a874b07e166') in 0.008551 seconds
  Import took 0.241104 seconds .

========================================================================
Received Import Request.
  Time since last request: 131.191292 seconds.
  path: Assets/Scripts/Saving Stuff/GameState.cs
  artifactKey: Guid(e719cacb05767834495085762e702902) Importer(815301076,1909f56bfc062723c751e8b465ee728b)
Start importing Assets/Scripts/Saving Stuff/GameState.cs using Guid(e719cacb05767834495085762e702902) Importer(815301076,1909f56bfc062723c751e8b465ee728b)  -> (artifact id: 'bf1d5cd4441b559fdb86038470f14b60') in 0.006157 seconds
  Import took 0.009210 seconds .

========================================================================
Received Import Request.
  Time since last request: 0.342106 seconds.
  path: Assets/Scripts/Saving Stuff/GameSave.cs
  artifactKey: Guid(07aa4134df2f1f644b769942862c0a3a) Importer(815301076,1909f56bfc062723c751e8b465ee728b)
Start importing Assets/Scripts/Saving Stuff/GameSave.cs using Guid(07aa4134df2f1f644b769942862c0a3a) Importer(815301076,1909f56bfc062723c751e8b465ee728b)  -> (artifact id: '54994518abae30854cda1afae14d3f01') in 0.336639 seconds
  Import took 0.405248 seconds .

========================================================================
Received Import Request.
  Time since last request: 7.115609 seconds.
  path: Assets/Scripts/Saving Stuff/HighScoreLoad.cs
  artifactKey: Guid(a9c3d95e17d746d4096b97812d7f0ae9) Importer(815301076,1909f56bfc062723c751e8b465ee728b)
Start importing Assets/Scripts/Saving Stuff/HighScoreLoad.cs using Guid(a9c3d95e17d746d4096b97812d7f0ae9) Importer(815301076,1909f56bfc062723c751e8b465ee728b)  -> (artifact id: '44c6f1333440d194972b092f2a3db02c') in 0.096735 seconds
  Import took 0.142851 seconds .

========================================================================
Received Prepare
Registering precompiled user dll's ...
Registered in 0.000890 seconds.
Begin MonoManager ReloadAssembly
Native extension for LinuxStandalone target not found
Native extension for WindowsStandalone target not found
Native extension for OSXStandalone target not found
Refreshing native plugins compatible for Editor in 0.32 ms, found 1 plugins.
Preloading 0 native plugins for Editor in 0.00 ms.
Invoked RoslynAnalysisRunner static constructor.
RoslynAnalysisRunner will not be running.
RoslynAnalysisRunner has terminated.
Mono: successfully reloaded assembly
- Completed reload, in  0.748 seconds
Platform modules already initialized, skipping
Refreshing native plugins compatible for Editor in 0.44 ms, found 1 plugins.
Preloading 0 native plugins for Editor in 0.00 ms.
Unloading 1798 Unused Serialized files (Serialized files now loaded: 0)
System memory in use before: 85.8 MB.
System memory in use after: 85.9 MB.

Unloading 8 unused Assets to reduce memory usage. Loaded Objects now: 2283.
Total: 1.964200 ms (FindLiveObjects: 0.202700 ms CreateObjectMapping: 0.061100 ms MarkObjects: 1.682500 ms  DeleteObjects: 0.016900 ms)

========================================================================
Received Import Request.
  Time since last request: 121.351799 seconds.
  path: Assets/Scripts/UIStuff/HighScoreTable.cs
  artifactKey: Guid(db698a2a95e782345abc8ba4ba381d5e) Importer(815301076,1909f56bfc062723c751e8b465ee728b)
Start importing Assets/Scripts/UIStuff/HighScoreTable.cs using Guid(db698a2a95e782345abc8ba4ba381d5e) Importer(815301076,1909f56bfc062723c751e8b465ee728b)  -> (artifact id: '15c7b56d76c854a35f7cb2886b1e7355') in 0.007939 seconds
  Import took 0.100002 seconds .

========================================================================
Received Prepare
Registering precompiled user dll's ...
Registered in 0.000879 seconds.
Begin MonoManager ReloadAssembly
Native extension for LinuxStandalone target not found
Native extension for WindowsStandalone target not found
Native extension for OSXStandalone target not found
Refreshing native plugins compatible for Editor in 0.32 ms, found 1 plugins.
Preloading 0 native plugins for Editor in 0.00 ms.
Invoked RoslynAnalysisRunner static constructor.
RoslynAnalysisRunner will not be running.
RoslynAnalysisRunner has terminated.
Mono: successfully reloaded assembly
- Completed reload, in  0.769 seconds
Platform modules already initialized, skipping
Refreshing native plugins compatible for Editor in 0.32 ms, found 1 plugins.
Preloading 0 native plugins for Editor in 0.00 ms.
Unloading 1797 Unused Serialized files (Serialized files now loaded: 0)
System memory in use before: 85.9 MB.
System memory in use after: 86.0 MB.

Unloading 8 unused Assets to reduce memory usage. Loaded Objects now: 2285.
Total: 2.970700 ms (FindLiveObjects: 0.243500 ms CreateObjectMapping: 0.076800 ms MarkObjects: 2.628200 ms  DeleteObjects: 0.020600 ms)

========================================================================
Received Import Request.
  Time since last request: 6.905936 seconds.
  path: Assets/Scripts/UIStuff/UIScoreHandler.cs
  artifactKey: Guid(565625fc10ffc7d4e8d8c61313fbc8f0) Importer(815301076,1909f56bfc062723c751e8b465ee728b)
Start importing Assets/Scripts/UIStuff/UIScoreHandler.cs using Guid(565625fc10ffc7d4e8d8c61313fbc8f0) Importer(815301076,1909f56bfc062723c751e8b465ee728b)  -> (artifact id: '153e8c5479c296f75231e24a90711af6') in 0.006781 seconds
  Import took 0.106759 seconds .

========================================================================
Received Import Request.
  Time since last request: 43.480075 seconds.
  path: Assets/Scripts/UIStuff/UIScoreHandler.cs
  artifactKey: Guid(565625fc10ffc7d4e8d8c61313fbc8f0) Importer(815301076,1909f56bfc062723c751e8b465ee728b)
Start importing Assets/Scripts/UIStuff/UIScoreHandler.cs using Guid(565625fc10ffc7d4e8d8c61313fbc8f0) Importer(815301076,1909f56bfc062723c751e8b465ee728b)  -> (artifact id: '2600ed1f0ab6fdc216128bbc3eb3a24f') in 0.005141 seconds
  Import took 0.030027 seconds .

========================================================================
Received Import Request.
  Time since last request: 0.037267 seconds.
  path: Assets/Scripts/UIStuff/UIScoreHandler.cs
  artifactKey: Guid(565625fc10ffc7d4e8d8c61313fbc8f0) Importer(815301076,1909f56bfc062723c751e8b465ee728b)
Start importing Assets/Scripts/UIStuff/UIScoreHandler.cs using Guid(565625fc10ffc7d4e8d8c61313fbc8f0) Importer(815301076,1909f56bfc062723c751e8b465ee728b)  -> (artifact id: '2600ed1f0ab6fdc216128bbc3eb3a24f') in 0.001795 seconds
  Import took 0.004578 seconds .

========================================================================
Received Prepare
Registering precompiled user dll's ...
Registered in 0.001178 seconds.
Begin MonoManager ReloadAssembly
Native extension for LinuxStandalone target not found
Native extension for WindowsStandalone target not found
Native extension for OSXStandalone target not found
Refreshing native plugins compatible for Editor in 0.32 ms, found 1 plugins.
Preloading 0 native plugins for Editor in 0.00 ms.
Invoked RoslynAnalysisRunner static constructor.
RoslynAnalysisRunner will not be running.
RoslynAnalysisRunner has terminated.
Mono: successfully reloaded assembly
- Completed reload, in  0.744 seconds
Platform modules already initialized, skipping
Refreshing native plugins compatible for Editor in 0.33 ms, found 1 plugins.
Preloading 0 native plugins for Editor in 0.00 ms.
Unloading 1797 Unused Serialized files (Serialized files now loaded: 0)
System memory in use before: 86.1 MB.
System memory in use after: 86.2 MB.

Unloading 7 unused Assets to reduce memory usage. Loaded Objects now: 2288.
Total: 1.963100 ms (FindLiveObjects: 0.204100 ms CreateObjectMapping: 0.089900 ms MarkObjects: 1.654200 ms  DeleteObjects: 0.013800 ms)

========================================================================
Received Import Request.
  Time since last request: 26.453176 seconds.
  path: Assets/Scripts/UIStuff/UIScoreHandler.cs
  artifactKey: Guid(565625fc10ffc7d4e8d8c61313fbc8f0) Importer(815301076,1909f56bfc062723c751e8b465ee728b)
Start importing Assets/Scripts/UIStuff/UIScoreHandler.cs using Guid(565625fc10ffc7d4e8d8c61313fbc8f0) Importer(815301076,1909f56bfc062723c751e8b465ee728b)  -> (artifact id: '65bcb045a99e2705abaa1c5323a9d8ce') in 0.005423 seconds
  Import took 0.098220 seconds .

========================================================================
Received Prepare
Registering precompiled user dll's ...
Registered in 0.000891 seconds.
Begin MonoManager ReloadAssembly
Native extension for LinuxStandalone target not found
Native extension for WindowsStandalone target not found
Native extension for OSXStandalone target not found
Refreshing native plugins compatible for Editor in 0.32 ms, found 1 plugins.
Preloading 0 native plugins for Editor in 0.00 ms.
Invoked RoslynAnalysisRunner static constructor.
RoslynAnalysisRunner will not be running.
RoslynAnalysisRunner has terminated.
Mono: successfully reloaded assembly
- Completed reload, in  0.794 seconds
Platform modules already initialized, skipping
Refreshing native plugins compatible for Editor in 0.38 ms, found 1 plugins.
Preloading 0 native plugins for Editor in 0.00 ms.
Unloading 1797 Unused Serialized files (Serialized files now loaded: 0)
System memory in use before: 86.2 MB.
System memory in use after: 86.4 MB.

Unloading 7 unused Assets to reduce memory usage. Loaded Objects now: 2291.
Total: 1.786400 ms (FindLiveObjects: 0.163000 ms CreateObjectMapping: 0.059300 ms MarkObjects: 1.549500 ms  DeleteObjects: 0.013600 ms)

========================================================================
Received Import Request.
  Time since last request: 56.896968 seconds.
  path: Assets/Scripts/UIStuff/UIScoreHandler.cs
  artifactKey: Guid(565625fc10ffc7d4e8d8c61313fbc8f0) Importer(815301076,1909f56bfc062723c751e8b465ee728b)
Start importing Assets/Scripts/UIStuff/UIScoreHandler.cs using Guid(565625fc10ffc7d4e8d8c61313fbc8f0) Importer(815301076,1909f56bfc062723c751e8b465ee728b)  -> (artifact id: '54b2ae469898ab4cd969ae7a8ad947cd') in 0.004248 seconds
  Import took 0.007185 seconds .

========================================================================
Received Import Request.
  Time since last request: 0.063001 seconds.
  path: Assets/Scripts/UIStuff/UIScoreHandler.cs
  artifactKey: Guid(565625fc10ffc7d4e8d8c61313fbc8f0) Importer(815301076,1909f56bfc062723c751e8b465ee728b)
Start importing Assets/Scripts/UIStuff/UIScoreHandler.cs using Guid(565625fc10ffc7d4e8d8c61313fbc8f0) Importer(815301076,1909f56bfc062723c751e8b465ee728b)  -> (artifact id: '54b2ae469898ab4cd969ae7a8ad947cd') in 0.002031 seconds
  Import took 0.004584 seconds .

========================================================================
Received Prepare
Registering precompiled user dll's ...
Registered in 0.000955 seconds.
Begin MonoManager ReloadAssembly
Native extension for LinuxStandalone target not found
Native extension for WindowsStandalone target not found
Native extension for OSXStandalone target not found
Refreshing native plugins compatible for Editor in 0.34 ms, found 1 plugins.
Preloading 0 native plugins for Editor in 0.00 ms.
Invoked RoslynAnalysisRunner static constructor.
RoslynAnalysisRunner will not be running.
RoslynAnalysisRunner has terminated.
Mono: successfully reloaded assembly
- Completed reload, in  0.752 seconds
Platform modules already initialized, skipping
Refreshing native plugins compatible for Editor in 0.34 ms, found 1 plugins.
Preloading 0 native plugins for Editor in 0.00 ms.
Unloading 1797 Unused Serialized files (Serialized files now loaded: 0)
System memory in use before: 86.4 MB.
System memory in use after: 86.5 MB.

Unloading 7 unused Assets to reduce memory usage. Loaded Objects now: 2294.
Total: 2.169000 ms (FindLiveObjects: 0.255000 ms CreateObjectMapping: 0.082500 ms MarkObjects: 1.813600 ms  DeleteObjects: 0.016300 ms)

========================================================================
Received Import Request.
  Time since last request: 243.367136 seconds.
  path: Assets/Scripts/UIStuff/UIScoreHandler.cs
  artifactKey: Guid(565625fc10ffc7d4e8d8c61313fbc8f0) Importer(815301076,1909f56bfc062723c751e8b465ee728b)
Start importing Assets/Scripts/UIStuff/UIScoreHandler.cs using Guid(565625fc10ffc7d4e8d8c61313fbc8f0) Importer(815301076,1909f56bfc062723c751e8b465ee728b)  -> (artifact id: '4100ddf464fc15f03000d525d58b0f1e') in 0.004679 seconds
  Import took 0.033579 seconds .

========================================================================
Received Import Request.
  Time since last request: 0.049930 seconds.
  path: Assets/Scripts/UIStuff/UIScoreHandler.cs
  artifactKey: Guid(565625fc10ffc7d4e8d8c61313fbc8f0) Importer(815301076,1909f56bfc062723c751e8b465ee728b)
Start importing Assets/Scripts/UIStuff/UIScoreHandler.cs using Guid(565625fc10ffc7d4e8d8c61313fbc8f0) Importer(815301076,1909f56bfc062723c751e8b465ee728b)  -> (artifact id: '4100ddf464fc15f03000d525d58b0f1e') in 0.002271 seconds
  Import took 0.005920 seconds .

========================================================================
Received Prepare
Registering precompiled user dll's ...
Registered in 0.000950 seconds.
Begin MonoManager ReloadAssembly
Native extension for LinuxStandalone target not found
Native extension for WindowsStandalone target not found
Native extension for OSXStandalone target not found
Refreshing native plugins compatible for Editor in 0.32 ms, found 1 plugins.
Preloading 0 native plugins for Editor in 0.00 ms.
Invoked RoslynAnalysisRunner static constructor.
RoslynAnalysisRunner will not be running.
RoslynAnalysisRunner has terminated.
Mono: successfully reloaded assembly
- Completed reload, in  0.756 seconds
Platform modules already initialized, skipping
Refreshing native plugins compatible for Editor in 0.32 ms, found 1 plugins.
Preloading 0 native plugins for Editor in 0.00 ms.
Unloading 1797 Unused Serialized files (Serialized files now loaded: 0)
System memory in use before: 86.5 MB.
System memory in use after: 86.7 MB.

Unloading 7 unused Assets to reduce memory usage. Loaded Objects now: 2297.
Total: 1.832700 ms (FindLiveObjects: 0.188300 ms CreateObjectMapping: 0.056000 ms MarkObjects: 1.572500 ms  DeleteObjects: 0.015200 ms)

========================================================================
Received Prepare
Registering precompiled user dll's ...
Registered in 0.000893 seconds.
Begin MonoManager ReloadAssembly
Native extension for LinuxStandalone target not found
Native extension for WindowsStandalone target not found
Native extension for OSXStandalone target not found
Refreshing native plugins compatible for Editor in 0.32 ms, found 1 plugins.
Preloading 0 native plugins for Editor in 0.00 ms.
Invoked RoslynAnalysisRunner static constructor.
RoslynAnalysisRunner will not be running.
RoslynAnalysisRunner has terminated.
Mono: successfully reloaded assembly
- Completed reload, in  0.757 seconds
Platform modules already initialized, skipping
Refreshing native plugins compatible for Editor in 0.33 ms, found 1 plugins.
Preloading 0 native plugins for Editor in 0.00 ms.
Unloading 1797 Unused Serialized files (Serialized files now loaded: 0)
System memory in use before: 86.7 MB.
System memory in use after: 86.8 MB.

Unloading 7 unused Assets to reduce memory usage. Loaded Objects now: 2300.
Total: 2.075000 ms (FindLiveObjects: 0.320600 ms CreateObjectMapping: 0.090000 ms MarkObjects: 1.650200 ms  DeleteObjects: 0.013200 ms)

========================================================================
Received Prepare
Registering precompiled user dll's ...
Registered in 0.000906 seconds.
Begin MonoManager ReloadAssembly
Native extension for LinuxStandalone target not found
Native extension for WindowsStandalone target not found
Native extension for OSXStandalone target not found
Refreshing native plugins compatible for Editor in 0.32 ms, found 1 plugins.
Preloading 0 native plugins for Editor in 0.00 ms.
Invoked RoslynAnalysisRunner static constructor.
RoslynAnalysisRunner will not be running.
RoslynAnalysisRunner has terminated.
Mono: successfully reloaded assembly
- Completed reload, in  0.875 seconds
Platform modules already initialized, skipping
Refreshing native plugins compatible for Editor in 0.31 ms, found 1 plugins.
Preloading 0 native plugins for Editor in 0.00 ms.
Unloading 1797 Unused Serialized files (Serialized files now loaded: 0)
System memory in use before: 86.8 MB.
System memory in use after: 87.0 MB.

Unloading 7 unused Assets to reduce memory usage. Loaded Objects now: 2303.
Total: 2.609400 ms (FindLiveObjects: 0.200800 ms CreateObjectMapping: 0.337100 ms MarkObjects: 2.052700 ms  DeleteObjects: 0.017400 ms)

========================================================================
Received Prepare
Registering precompiled user dll's ...
Registered in 0.000839 seconds.
Begin MonoManager ReloadAssembly
Native extension for LinuxStandalone target not found
Native extension for WindowsStandalone target not found
Native extension for OSXStandalone target not found
Refreshing native plugins compatible for Editor in 0.37 ms, found 1 plugins.
Preloading 0 native plugins for Editor in 0.00 ms.
Invoked RoslynAnalysisRunner static constructor.
RoslynAnalysisRunner will not be running.
RoslynAnalysisRunner has terminated.
Mono: successfully reloaded assembly
- Completed reload, in  0.747 seconds
Platform modules already initialized, skipping
Refreshing native plugins compatible for Editor in 0.35 ms, found 1 plugins.
Preloading 0 native plugins for Editor in 0.00 ms.
Unloading 1797 Unused Serialized files (Serialized files now loaded: 0)
System memory in use before: 87.0 MB.
System memory in use after: 87.1 MB.

Unloading 7 unused Assets to reduce memory usage. Loaded Objects now: 2306.
Total: 1.890500 ms (FindLiveObjects: 0.165900 ms CreateObjectMapping: 0.058700 ms MarkObjects: 1.652400 ms  DeleteObjects: 0.012500 ms)

========================================================================
Received Prepare
Registering precompiled user dll's ...
Registered in 0.001000 seconds.
Begin MonoManager ReloadAssembly
Native extension for LinuxStandalone target not found
Native extension for WindowsStandalone target not found
Native extension for OSXStandalone target not found
Refreshing native plugins compatible for Editor in 0.33 ms, found 1 plugins.
Preloading 0 native plugins for Editor in 0.00 ms.
Invoked RoslynAnalysisRunner static constructor.
RoslynAnalysisRunner will not be running.
RoslynAnalysisRunner has terminated.
Mono: successfully reloaded assembly
- Completed reload, in  0.800 seconds
Platform modules already initialized, skipping
Refreshing native plugins compatible for Editor in 0.31 ms, found 1 plugins.
Preloading 0 native plugins for Editor in 0.00 ms.
Unloading 1797 Unused Serialized files (Serialized files now loaded: 0)
System memory in use before: 86.1 MB.
System memory in use after: 86.3 MB.

Unloading 7 unused Assets to reduce memory usage. Loaded Objects now: 2309.
Total: 1.925400 ms (FindLiveObjects: 0.313700 ms CreateObjectMapping: 0.111400 ms MarkObjects: 1.482100 ms  DeleteObjects: 0.016800 ms)

========================================================================
Received Prepare
Registering precompiled user dll's ...
Registered in 0.000886 seconds.
Begin MonoManager ReloadAssembly
Native extension for LinuxStandalone target not found
Native extension for WindowsStandalone target not found
Native extension for OSXStandalone target not found
Refreshing native plugins compatible for Editor in 0.33 ms, found 1 plugins.
Preloading 0 native plugins for Editor in 0.00 ms.
Invoked RoslynAnalysisRunner static constructor.
RoslynAnalysisRunner will not be running.
RoslynAnalysisRunner has terminated.
Mono: successfully reloaded assembly
- Completed reload, in  0.750 seconds
Platform modules already initialized, skipping
Refreshing native plugins compatible for Editor in 0.35 ms, found 1 plugins.
Preloading 0 native plugins for Editor in 0.00 ms.
Unloading 1797 Unused Serialized files (Serialized files now loaded: 0)
System memory in use before: 86.3 MB.
System memory in use after: 86.4 MB.

Unloading 7 unused Assets to reduce memory usage. Loaded Objects now: 2312.
Total: 1.884200 ms (FindLiveObjects: 0.257900 ms CreateObjectMapping: 0.098100 ms MarkObjects: 1.511300 ms  DeleteObjects: 0.016200 ms)

========================================================================
Received Prepare
Registering precompiled user dll's ...
Registered in 0.000882 seconds.
Begin MonoManager ReloadAssembly
Native extension for LinuxStandalone target not found
Native extension for WindowsStandalone target not found
Native extension for OSXStandalone target not found
Refreshing native plugins compatible for Editor in 0.32 ms, found 1 plugins.
Preloading 0 native plugins for Editor in 0.00 ms.
Invoked RoslynAnalysisRunner static constructor.
RoslynAnalysisRunner will not be running.
RoslynAnalysisRunner has terminated.
Mono: successfully reloaded assembly
- Completed reload, in  0.741 seconds
Platform modules already initialized, skipping
Refreshing native plugins compatible for Editor in 0.31 ms, found 1 plugins.
Preloading 0 native plugins for Editor in 0.00 ms.
Unloading 1797 Unused Serialized files (Serialized files now loaded: 0)
System memory in use before: 86.4 MB.
System memory in use after: 86.6 MB.

Unloading 7 unused Assets to reduce memory usage. Loaded Objects now: 2315.
Total: 1.886700 ms (FindLiveObjects: 0.160600 ms CreateObjectMapping: 0.060100 ms MarkObjects: 1.562600 ms  DeleteObjects: 0.102500 ms)

========================================================================
Received Prepare
Registering precompiled user dll's ...
Registered in 0.000887 seconds.
Begin MonoManager ReloadAssembly
Native extension for LinuxStandalone target not found
Native extension for WindowsStandalone target not found
Native extension for OSXStandalone target not found
Refreshing native plugins compatible for Editor in 0.32 ms, found 1 plugins.
Preloading 0 native plugins for Editor in 0.00 ms.
Invoked RoslynAnalysisRunner static constructor.
RoslynAnalysisRunner will not be running.
RoslynAnalysisRunner has terminated.
Mono: successfully reloaded assembly
- Completed reload, in  0.779 seconds
Platform modules already initialized, skipping
Refreshing native plugins compatible for Editor in 0.33 ms, found 1 plugins.
Preloading 0 native plugins for Editor in 0.00 ms.
Unloading 1797 Unused Serialized files (Serialized files now loaded: 0)
System memory in use before: 86.6 MB.
System memory in use after: 86.7 MB.

Unloading 7 unused Assets to reduce memory usage. Loaded Objects now: 2318.
Total: 1.943000 ms (FindLiveObjects: 0.270300 ms CreateObjectMapping: 0.081700 ms MarkObjects: 1.570300 ms  DeleteObjects: 0.019700 ms)

========================================================================
Received Prepare
Registering precompiled user dll's ...
Registered in 0.000846 seconds.
Begin MonoManager ReloadAssembly
Native extension for LinuxStandalone target not found
Native extension for WindowsStandalone target not found
Native extension for OSXStandalone target not found
Refreshing native plugins compatible for Editor in 0.32 ms, found 1 plugins.
Preloading 0 native plugins for Editor in 0.00 ms.
Invoked RoslynAnalysisRunner static constructor.
RoslynAnalysisRunner will not be running.
RoslynAnalysisRunner has terminated.
Mono: successfully reloaded assembly
- Completed reload, in  0.799 seconds
Platform modules already initialized, skipping
Refreshing native plugins compatible for Editor in 0.33 ms, found 1 plugins.
Preloading 0 native plugins for Editor in 0.00 ms.
Unloading 1797 Unused Serialized files (Serialized files now loaded: 0)
System memory in use before: 86.8 MB.
System memory in use after: 86.9 MB.

Unloading 7 unused Assets to reduce memory usage. Loaded Objects now: 2321.
Total: 1.858000 ms (FindLiveObjects: 0.233900 ms CreateObjectMapping: 0.072600 ms MarkObjects: 1.529100 ms  DeleteObjects: 0.021200 ms)

========================================================================
Received Prepare
Registering precompiled user dll's ...
Registered in 0.000994 seconds.
Begin MonoManager ReloadAssembly
Native extension for LinuxStandalone target not found
Native extension for WindowsStandalone target not found
Native extension for OSXStandalone target not found
Refreshing native plugins compatible for Editor in 0.31 ms, found 1 plugins.
Preloading 0 native plugins for Editor in 0.00 ms.
Invoked RoslynAnalysisRunner static constructor.
RoslynAnalysisRunner will not be running.
RoslynAnalysisRunner has terminated.
Mono: successfully reloaded assembly
- Completed reload, in  0.789 seconds
Platform modules already initialized, skipping
Refreshing native plugins compatible for Editor in 0.42 ms, found 1 plugins.
Preloading 0 native plugins for Editor in 0.00 ms.
Unloading 1797 Unused Serialized files (Serialized files now loaded: 0)
System memory in use before: 86.9 MB.
System memory in use after: 87.0 MB.

Unloading 7 unused Assets to reduce memory usage. Loaded Objects now: 2324.
Total: 2.348900 ms (FindLiveObjects: 0.302000 ms CreateObjectMapping: 0.113100 ms MarkObjects: 1.903100 ms  DeleteObjects: 0.028900 ms)

========================================================================
Received Prepare
Registering precompiled user dll's ...
Registered in 0.001264 seconds.
Begin MonoManager ReloadAssembly
Native extension for LinuxStandalone target not found
Native extension for WindowsStandalone target not found
Native extension for OSXStandalone target not found
Refreshing native plugins compatible for Editor in 0.36 ms, found 1 plugins.
Preloading 0 native plugins for Editor in 0.00 ms.
Invoked RoslynAnalysisRunner static constructor.
RoslynAnalysisRunner will not be running.
RoslynAnalysisRunner has terminated.
Mono: successfully reloaded assembly
- Completed reload, in  0.754 seconds
Platform modules already initialized, skipping
Refreshing native plugins compatible for Editor in 0.32 ms, found 1 plugins.
Preloading 0 native plugins for Editor in 0.00 ms.
Unloading 1797 Unused Serialized files (Serialized files now loaded: 0)
System memory in use before: 87.0 MB.
System memory in use after: 87.1 MB.

Unloading 7 unused Assets to reduce memory usage. Loaded Objects now: 2327.
Total: 2.261300 ms (FindLiveObjects: 0.382000 ms CreateObjectMapping: 0.140700 ms MarkObjects: 1.721100 ms  DeleteObjects: 0.016100 ms)

========================================================================
Received Prepare
Registering precompiled user dll's ...
Registered in 0.000998 seconds.
Begin MonoManager ReloadAssembly
Native extension for LinuxStandalone target not found
Native extension for WindowsStandalone target not found
Native extension for OSXStandalone target not found
Refreshing native plugins compatible for Editor in 0.35 ms, found 1 plugins.
Preloading 0 native plugins for Editor in 0.00 ms.
Invoked RoslynAnalysisRunner static constructor.
RoslynAnalysisRunner will not be running.
RoslynAnalysisRunner has terminated.
Mono: successfully reloaded assembly
- Completed reload, in  0.851 seconds
Platform modules already initialized, skipping
Refreshing native plugins compatible for Editor in 0.32 ms, found 1 plugins.
Preloading 0 native plugins for Editor in 0.00 ms.
Unloading 1797 Unused Serialized files (Serialized files now loaded: 0)
System memory in use before: 86.2 MB.
System memory in use after: 86.3 MB.

Unloading 7 unused Assets to reduce memory usage. Loaded Objects now: 2330.
Total: 1.706900 ms (FindLiveObjects: 0.197600 ms CreateObjectMapping: 0.072300 ms MarkObjects: 1.410500 ms  DeleteObjects: 0.025600 ms)

AssetImportWorkerClient::OnTransportError - code=2 error=End of file
