Using pre-set license
Built from '2020.2/release' branch; Version is '2020.2.2f1 (068178b99f32) revision 426360'; Using compiler version '192528614'; Build Type 'Release'
OS: 'Windows 10 Pro; OS build 19041.985; Version 2004; 64bit' Language: 'en' Physical Memory: 32704 MB
BatchMode: 1, IsHumanControllingUs: 0, StartBugReporterOnCrash: 0, Is64bit: 1, IsPro: 0

 COMMAND LINE ARGUMENTS:
C:\Program Files\Unity\Hub\Editor\2020.2.2f1\Editor\Unity.exe
-adb2
-batchMode
-noUpm
-name
AssetImportWorker2
-projectPath
F:/Unity Projects/DoodleJump2DTAFEX
-logFile
Logs/AssetImportWorker2.log
-srvPort
51308
Successfully changed project path to: F:/Unity Projects/DoodleJump2DTAFEX
F:/Unity Projects/DoodleJump2DTAFEX
Using Asset Import Pipeline V2.
Refreshing native plugins compatible for Editor in 31.93 ms, found 1 plugins.
Preloading 0 native plugins for Editor in 0.00 ms.
Initialize engine version: 2020.2.2f1 (068178b99f32)
[Subsystems] Discovering subsystems at path C:/Program Files/Unity/Hub/Editor/2020.2.2f1/Editor/Data/Resources/UnitySubsystems
[Subsystems] Discovering subsystems at path F:/Unity Projects/DoodleJump2DTAFEX/Assets
GfxDevice: creating device client; threaded=0
Direct3D:
    Version:  Direct3D 11.0 [level 11.1]
    Renderer: NVIDIA GeForce RTX 3080 (ID=0x2206)
    Vendor:   
    VRAM:     10078 MB
    Driver:   27.21.14.6611
Initialize mono
Mono path[0] = 'C:/Program Files/Unity/Hub/Editor/2020.2.2f1/Editor/Data/Managed'
Mono path[1] = 'C:/Program Files/Unity/Hub/Editor/2020.2.2f1/Editor/Data/MonoBleedingEdge/lib/mono/unityjit'
Mono config path = 'C:/Program Files/Unity/Hub/Editor/2020.2.2f1/Editor/Data/MonoBleedingEdge/etc'
Using monoOptions --debugger-agent=transport=dt_socket,embedding=1,server=y,suspend=n,address=127.0.0.1:56756
Begin MonoManager ReloadAssembly
Registering precompiled unity dll's ...
Register platform support module: C:/Program Files/Unity/Hub/Editor/2020.2.2f1/Editor/Data/PlaybackEngines/MacStandaloneSupport/UnityEditor.OSXStandalone.Extensions.dll
Register platform support module: C:/Program Files/Unity/Hub/Editor/2020.2.2f1/Editor/Data/PlaybackEngines/WindowsStandaloneSupport/UnityEditor.WindowsStandalone.Extensions.dll
Register platform support module: C:/Program Files/Unity/Hub/Editor/2020.2.2f1/Editor/Data/PlaybackEngines/LinuxStandaloneSupport/UnityEditor.LinuxStandalone.Extensions.dll
Registered in 0.003204 seconds.
Native extension for LinuxStandalone target not found
Native extension for WindowsStandalone target not found
Native extension for OSXStandalone target not found
Refreshing native plugins compatible for Editor in 32.73 ms, found 1 plugins.
Preloading 0 native plugins for Editor in 0.00 ms.
Invoked RoslynAnalysisRunner static constructor.
RoslynAnalysisRunner will not be running.
RoslynAnalysisRunner has terminated.
Mono: successfully reloaded assembly
- Completed reload, in  2.079 seconds
Platform modules already initialized, skipping
Registering precompiled user dll's ...
Registered in 0.000840 seconds.
Begin MonoManager ReloadAssembly
Native extension for LinuxStandalone target not found
Native extension for WindowsStandalone target not found
Native extension for OSXStandalone target not found
Refreshing native plugins compatible for Editor in 61.45 ms, found 1 plugins.
Preloading 0 native plugins for Editor in 0.00 ms.
Invoked RoslynAnalysisRunner static constructor.
RoslynAnalysisRunner will not be running.
RoslynAnalysisRunner has terminated.
Mono: successfully reloaded assembly
- Completed reload, in  3.740 seconds
Platform modules already initialized, skipping
========================================================================
Worker process is ready to serve import requests
Launched and connected shader compiler UnityShaderCompiler.exe after 0.09 seconds
Refreshing native plugins compatible for Editor in 0.31 ms, found 1 plugins.
Preloading 0 native plugins for Editor in 0.00 ms.
Unloading 1806 Unused Serialized files (Serialized files now loaded: 0)
System memory in use before: 86.1 MB.
System memory in use after: 86.0 MB.

Unloading 24 unused Assets to reduce memory usage. Loaded Objects now: 2248.
Total: 2.384200 ms (FindLiveObjects: 0.353600 ms CreateObjectMapping: 0.133400 ms MarkObjects: 1.779600 ms  DeleteObjects: 0.116100 ms)

========================================================================
Received Import Request.
  path: Assets/Scenes/The Game.unity
  artifactKey: Guid(7e4361759ae0139469240582c9a2bf7c) Importer(815301076,1909f56bfc062723c751e8b465ee728b)
Start importing Assets/Scenes/The Game.unity using Guid(7e4361759ae0139469240582c9a2bf7c) Importer(815301076,1909f56bfc062723c751e8b465ee728b)  -> (artifact id: '6cde4ff9391be3fef1d1ab8422d86fd0') in 0.020818 seconds
  Import took 0.023334 seconds .

========================================================================
Received Import Request.
  Time since last request: 1305.272659 seconds.
  path: Assets/Scripts/Platform.cs
  artifactKey: Guid(05139faacf5b4c54b8bf650445cd6460) Importer(815301076,1909f56bfc062723c751e8b465ee728b)
Start importing Assets/Scripts/Platform.cs using Guid(05139faacf5b4c54b8bf650445cd6460) Importer(815301076,1909f56bfc062723c751e8b465ee728b)  -> (artifact id: '8f851075e3f682604a4d8bc523cfe270') in 0.048011 seconds
  Import took 0.071871 seconds .

========================================================================
Received Prepare
Registering precompiled user dll's ...
Registered in 0.001100 seconds.
Begin MonoManager ReloadAssembly
Native extension for LinuxStandalone target not found
Native extension for WindowsStandalone target not found
Native extension for OSXStandalone target not found
Refreshing native plugins compatible for Editor in 0.35 ms, found 1 plugins.
Preloading 0 native plugins for Editor in 0.00 ms.
Invoked RoslynAnalysisRunner static constructor.
RoslynAnalysisRunner will not be running.
RoslynAnalysisRunner has terminated.
Mono: successfully reloaded assembly
- Completed reload, in  0.819 seconds
Platform modules already initialized, skipping
Script is not up to date after domain reload: guid(9fc6c9e03f196f64097922f668fd0510) path("Assets/Scripts/PlayerController.cs") state(2)
Refreshing native plugins compatible for Editor in 0.32 ms, found 1 plugins.
Preloading 0 native plugins for Editor in 0.00 ms.
Unloading 1789 Unused Serialized files (Serialized files now loaded: 0)
System memory in use before: 85.2 MB.
System memory in use after: 85.2 MB.

Unloading 12 unused Assets to reduce memory usage. Loaded Objects now: 2252.
Total: 1.994200 ms (FindLiveObjects: 0.182300 ms CreateObjectMapping: 0.068100 ms MarkObjects: 1.650000 ms  DeleteObjects: 0.092500 ms)

========================================================================
Received Import Request.
  Time since last request: 9.132173 seconds.
  path: Assets/Scripts/PlayerController.cs
  artifactKey: Guid(9fc6c9e03f196f64097922f668fd0510) Importer(815301076,1909f56bfc062723c751e8b465ee728b)
Start importing Assets/Scripts/PlayerController.cs using Guid(9fc6c9e03f196f64097922f668fd0510) Importer(815301076,1909f56bfc062723c751e8b465ee728b)  -> (artifact id: '5ada3441278764cdd60fff8f76a3aeb4') in 0.008439 seconds
  Import took 0.046348 seconds .

========================================================================
Received Import Request.
  Time since last request: 0.002680 seconds.
  path: Assets/Scripts/PlayerController.cs
  artifactKey: Guid(9fc6c9e03f196f64097922f668fd0510) Importer(815301076,1909f56bfc062723c751e8b465ee728b)
Start importing Assets/Scripts/PlayerController.cs using Guid(9fc6c9e03f196f64097922f668fd0510) Importer(815301076,1909f56bfc062723c751e8b465ee728b)  -> (artifact id: '5ada3441278764cdd60fff8f76a3aeb4') in 0.002705 seconds
  Import took 0.052908 seconds .

========================================================================
Received Prepare
Registering precompiled user dll's ...
Registered in 0.001351 seconds.
Begin MonoManager ReloadAssembly
Native extension for LinuxStandalone target not found
Native extension for WindowsStandalone target not found
Native extension for OSXStandalone target not found
Refreshing native plugins compatible for Editor in 0.34 ms, found 1 plugins.
Preloading 0 native plugins for Editor in 0.00 ms.
Invoked RoslynAnalysisRunner static constructor.
RoslynAnalysisRunner will not be running.
RoslynAnalysisRunner has terminated.
Mono: successfully reloaded assembly
- Completed reload, in  0.917 seconds
Platform modules already initialized, skipping
Refreshing native plugins compatible for Editor in 0.65 ms, found 1 plugins.
Preloading 0 native plugins for Editor in 0.00 ms.
Unloading 1790 Unused Serialized files (Serialized files now loaded: 0)
System memory in use before: 85.4 MB.
System memory in use after: 85.4 MB.

Unloading 12 unused Assets to reduce memory usage. Loaded Objects now: 2256.
Total: 2.644400 ms (FindLiveObjects: 0.386500 ms CreateObjectMapping: 0.187400 ms MarkObjects: 1.963200 ms  DeleteObjects: 0.105600 ms)

========================================================================
Received Import Request.
  Time since last request: 17.804104 seconds.
  path: Assets/Scripts/CameraFollow.cs
  artifactKey: Guid(a2163efb74fd0a34f93d0909b69b04c8) Importer(815301076,1909f56bfc062723c751e8b465ee728b)
Start importing Assets/Scripts/CameraFollow.cs using Guid(a2163efb74fd0a34f93d0909b69b04c8) Importer(815301076,1909f56bfc062723c751e8b465ee728b)  -> (artifact id: '633a34c6564e344a5aedd1a8bdd25456') in 0.010014 seconds
  Import took 0.013151 seconds .

========================================================================
Received Prepare
Registering precompiled user dll's ...
Registered in 0.000948 seconds.
Begin MonoManager ReloadAssembly
Native extension for LinuxStandalone target not found
Native extension for WindowsStandalone target not found
Native extension for OSXStandalone target not found
Refreshing native plugins compatible for Editor in 0.38 ms, found 1 plugins.
Preloading 0 native plugins for Editor in 0.00 ms.
Invoked RoslynAnalysisRunner static constructor.
RoslynAnalysisRunner will not be running.
RoslynAnalysisRunner has terminated.
Mono: successfully reloaded assembly
- Completed reload, in  0.880 seconds
Platform modules already initialized, skipping
Refreshing native plugins compatible for Editor in 0.36 ms, found 1 plugins.
Preloading 0 native plugins for Editor in 0.00 ms.
Unloading 1791 Unused Serialized files (Serialized files now loaded: 0)
System memory in use before: 85.5 MB.
System memory in use after: 85.5 MB.

Unloading 12 unused Assets to reduce memory usage. Loaded Objects now: 2260.
Total: 2.453500 ms (FindLiveObjects: 0.251900 ms CreateObjectMapping: 0.076800 ms MarkObjects: 1.999600 ms  DeleteObjects: 0.123400 ms)

========================================================================
Received Prepare
Registering precompiled user dll's ...
Registered in 0.000994 seconds.
Begin MonoManager ReloadAssembly
Native extension for LinuxStandalone target not found
Native extension for WindowsStandalone target not found
Native extension for OSXStandalone target not found
Refreshing native plugins compatible for Editor in 0.42 ms, found 1 plugins.
Preloading 0 native plugins for Editor in 0.00 ms.
Invoked RoslynAnalysisRunner static constructor.
RoslynAnalysisRunner will not be running.
RoslynAnalysisRunner has terminated.
Mono: successfully reloaded assembly
- Completed reload, in  0.805 seconds
Platform modules already initialized, skipping
Refreshing native plugins compatible for Editor in 0.34 ms, found 1 plugins.
Preloading 0 native plugins for Editor in 0.00 ms.
Unloading 1792 Unused Serialized files (Serialized files now loaded: 0)
System memory in use before: 85.7 MB.
System memory in use after: 85.7 MB.

Unloading 12 unused Assets to reduce memory usage. Loaded Objects now: 2264.
Total: 2.233900 ms (FindLiveObjects: 0.385800 ms CreateObjectMapping: 0.139000 ms MarkObjects: 1.610800 ms  DeleteObjects: 0.097100 ms)

========================================================================
Received Prepare
Registering precompiled user dll's ...
Registered in 0.000931 seconds.
Begin MonoManager ReloadAssembly
Native extension for LinuxStandalone target not found
Native extension for WindowsStandalone target not found
Native extension for OSXStandalone target not found
Refreshing native plugins compatible for Editor in 0.43 ms, found 1 plugins.
Preloading 0 native plugins for Editor in 0.00 ms.
Invoked RoslynAnalysisRunner static constructor.
RoslynAnalysisRunner will not be running.
RoslynAnalysisRunner has terminated.
Mono: successfully reloaded assembly
- Completed reload, in  0.800 seconds
Platform modules already initialized, skipping
Refreshing native plugins compatible for Editor in 0.34 ms, found 1 plugins.
Preloading 0 native plugins for Editor in 0.00 ms.
Unloading 1792 Unused Serialized files (Serialized files now loaded: 0)
System memory in use before: 85.8 MB.
System memory in use after: 85.8 MB.

Unloading 12 unused Assets to reduce memory usage. Loaded Objects now: 2267.
Total: 1.777200 ms (FindLiveObjects: 0.180300 ms CreateObjectMapping: 0.063300 ms MarkObjects: 1.401000 ms  DeleteObjects: 0.131800 ms)

========================================================================
Received Prepare
Registering precompiled user dll's ...
Registered in 0.001629 seconds.
Begin MonoManager ReloadAssembly
Native extension for LinuxStandalone target not found
Native extension for WindowsStandalone target not found
Native extension for OSXStandalone target not found
Refreshing native plugins compatible for Editor in 0.54 ms, found 1 plugins.
Preloading 0 native plugins for Editor in 0.00 ms.
Invoked RoslynAnalysisRunner static constructor.
RoslynAnalysisRunner will not be running.
RoslynAnalysisRunner has terminated.
Mono: successfully reloaded assembly
- Completed reload, in  0.961 seconds
Platform modules already initialized, skipping
Refreshing native plugins compatible for Editor in 0.34 ms, found 1 plugins.
Preloading 0 native plugins for Editor in 0.00 ms.
Unloading 1794 Unused Serialized files (Serialized files now loaded: 0)
System memory in use before: 86.0 MB.
System memory in use after: 86.0 MB.

Unloading 12 unused Assets to reduce memory usage. Loaded Objects now: 2272.
Total: 2.136500 ms (FindLiveObjects: 0.270100 ms CreateObjectMapping: 0.094900 ms MarkObjects: 1.664000 ms  DeleteObjects: 0.106300 ms)

========================================================================
Received Import Request.
  Time since last request: 839.629247 seconds.
  path: Assets/Simple 2D Platformer BE2/App Icon.png
  artifactKey: Guid(c0ced59eb0176454886bbc0407e71090) Importer(815301076,1909f56bfc062723c751e8b465ee728b)
Start importing Assets/Simple 2D Platformer BE2/App Icon.png using Guid(c0ced59eb0176454886bbc0407e71090) Importer(815301076,1909f56bfc062723c751e8b465ee728b)  -> (artifact id: '2e517e2503acd017eecdb393319bc5b6') in 0.114957 seconds
  Import took 0.117825 seconds .

========================================================================
Received Import Request.
  Time since last request: 0.000255 seconds.
  path: Assets/Simple 2D Platformer BE2/Readme.asset
  artifactKey: Guid(53e51aee442d4ef479557f25a7bd3230) Importer(815301076,1909f56bfc062723c751e8b465ee728b)
Start importing Assets/Simple 2D Platformer BE2/Readme.asset using Guid(53e51aee442d4ef479557f25a7bd3230) Importer(815301076,1909f56bfc062723c751e8b465ee728b)  -> (artifact id: '32f521d13bc7a7d431b28cc6d9cefe96') in 0.015537 seconds
  Import took 0.018631 seconds .

========================================================================
Received Import Request.
  Time since last request: 8.201424 seconds.
  path: Assets/Simple 2D Platformer BE2/Sprites
  artifactKey: Guid(d35022487eaac8945aa36ed98707fea2) Importer(815301076,1909f56bfc062723c751e8b465ee728b)
Start importing Assets/Simple 2D Platformer BE2/Sprites using Guid(d35022487eaac8945aa36ed98707fea2) Importer(815301076,1909f56bfc062723c751e8b465ee728b)  -> (artifact id: '90d583ad04918d7966e04b97b692b9f0') in 0.006149 seconds
  Import took 0.009133 seconds .

========================================================================
Received Import Request.
  Time since last request: 0.001994 seconds.
  path: Assets/Simple 2D Platformer BE2/Sprites
  artifactKey: Guid(d35022487eaac8945aa36ed98707fea2) Importer(815301076,1909f56bfc062723c751e8b465ee728b)
Start importing Assets/Simple 2D Platformer BE2/Sprites using Guid(d35022487eaac8945aa36ed98707fea2) Importer(815301076,1909f56bfc062723c751e8b465ee728b)  -> (artifact id: '90d583ad04918d7966e04b97b692b9f0') in 0.002196 seconds
  Import took 0.004844 seconds .

========================================================================
Received Import Request.
  Time since last request: 0.406181 seconds.
  path: Assets/Simple 2D Platformer BE2/ReadMe
  artifactKey: Guid(41db4850fe3fb784e9743f18b3d20bb3) Importer(815301076,1909f56bfc062723c751e8b465ee728b)
Start importing Assets/Simple 2D Platformer BE2/ReadMe using Guid(41db4850fe3fb784e9743f18b3d20bb3) Importer(815301076,1909f56bfc062723c751e8b465ee728b)  -> (artifact id: '844ef2b61d8a9d3657a3eeb159079977') in 0.006946 seconds
  Import took 0.010450 seconds .

========================================================================
Received Import Request.
  Time since last request: 0.401594 seconds.
  path: Assets/Simple 2D Platformer BE2/Sprites/Coins.png
  artifactKey: Guid(274d64617113287499ed1c4165d1d8f3) Importer(815301076,1909f56bfc062723c751e8b465ee728b)
Start importing Assets/Simple 2D Platformer BE2/Sprites/Coins.png using Guid(274d64617113287499ed1c4165d1d8f3) Importer(815301076,1909f56bfc062723c751e8b465ee728b)  -> (artifact id: '2c6072f888d20596f1297edc23292094') in 0.060145 seconds
  Import took 0.062787 seconds .

========================================================================
Received Import Request.
  Time since last request: 0.000223 seconds.
  path: Assets/Simple 2D Platformer BE2/Sprites/Objects.png
  artifactKey: Guid(f73dfe034c22cfc41bd7e8799020a5ac) Importer(815301076,1909f56bfc062723c751e8b465ee728b)
Start importing Assets/Simple 2D Platformer BE2/Sprites/Objects.png using Guid(f73dfe034c22cfc41bd7e8799020a5ac) Importer(815301076,1909f56bfc062723c751e8b465ee728b)  -> (artifact id: '65de71d545b085cc0992cf83d1636004') in 0.012851 seconds
  Import took 0.015657 seconds .

========================================================================
Received Import Request.
  Time since last request: 0.000228 seconds.
  path: Assets/Simple 2D Platformer BE2/Sprites/Platforms.png
  artifactKey: Guid(e85c6e02fda4a004b84664f435ad4d73) Importer(815301076,1909f56bfc062723c751e8b465ee728b)
Start importing Assets/Simple 2D Platformer BE2/Sprites/Platforms.png using Guid(e85c6e02fda4a004b84664f435ad4d73) Importer(815301076,1909f56bfc062723c751e8b465ee728b)  -> (artifact id: '426d2a11d475a8ec8b0bd72aadf67afc') in 0.041249 seconds
  Import took 0.043925 seconds .

========================================================================
Received Import Request.
  Time since last request: 0.000152 seconds.
  path: Assets/Simple 2D Platformer BE2/Sprites/Enemy.png
  artifactKey: Guid(5d4daff38e3d9174b873918abcf2c1d4) Importer(815301076,1909f56bfc062723c751e8b465ee728b)
Start importing Assets/Simple 2D Platformer BE2/Sprites/Enemy.png using Guid(5d4daff38e3d9174b873918abcf2c1d4) Importer(815301076,1909f56bfc062723c751e8b465ee728b)  -> (artifact id: 'a5e8561bd06756807b8274875fff5c3f') in 0.035548 seconds
  Import took 0.038097 seconds .

========================================================================
Received Import Request.
  Time since last request: 0.000234 seconds.
  path: Assets/Simple 2D Platformer BE2/Sprites/Player.png
  artifactKey: Guid(10f3cacccb0c4c547be76836eba20664) Importer(815301076,1909f56bfc062723c751e8b465ee728b)
Start importing Assets/Simple 2D Platformer BE2/Sprites/Player.png using Guid(10f3cacccb0c4c547be76836eba20664) Importer(815301076,1909f56bfc062723c751e8b465ee728b)  -> (artifact id: 'b9d9bd0150dd8c4a8adc81d8069e8621') in 0.028488 seconds
  Import took 0.031310 seconds .

========================================================================
Received Import Request.
  Time since last request: 22.065722 seconds.
  path: Assets/Simple 2D Platformer BE2/Sprites/Idle 0.controller
  artifactKey: Guid(5c7cb457e24038846831a5e169e3cc4f) Importer(815301076,1909f56bfc062723c751e8b465ee728b)
Start importing Assets/Simple 2D Platformer BE2/Sprites/Idle 0.controller using Guid(5c7cb457e24038846831a5e169e3cc4f) Importer(815301076,1909f56bfc062723c751e8b465ee728b)  -> (artifact id: 'd35789ba2f15f675028e447bef64b2a5') in 0.012736 seconds
  Import took 0.015352 seconds .

========================================================================
Received Import Request.
  Time since last request: 1.630570 seconds.
  path: Assets/Simple 2D Platformer BE2/Sprites/Character.anim
  artifactKey: Guid(73125f417608e924993e0b96516b0b34) Importer(815301076,1909f56bfc062723c751e8b465ee728b)
Start importing Assets/Simple 2D Platformer BE2/Sprites/Character.anim using Guid(73125f417608e924993e0b96516b0b34) Importer(815301076,1909f56bfc062723c751e8b465ee728b)  -> (artifact id: '42d5f96cf641aa9bc3e8b5c648c56802') in 0.011049 seconds
  Import took 0.013673 seconds .

========================================================================
Received Import Request.
  Time since last request: 0.001281 seconds.
  path: Assets/Simple 2D Platformer BE2/Sprites/Character.anim
  artifactKey: Guid(73125f417608e924993e0b96516b0b34) Importer(815301076,1909f56bfc062723c751e8b465ee728b)
Start importing Assets/Simple 2D Platformer BE2/Sprites/Character.anim using Guid(73125f417608e924993e0b96516b0b34) Importer(815301076,1909f56bfc062723c751e8b465ee728b)  -> (artifact id: '42d5f96cf641aa9bc3e8b5c648c56802') in 0.002842 seconds
  Import took 0.005646 seconds .

========================================================================
Received Prepare
Registering precompiled user dll's ...
Registered in 0.000947 seconds.
Begin MonoManager ReloadAssembly
Native extension for LinuxStandalone target not found
Native extension for WindowsStandalone target not found
Native extension for OSXStandalone target not found
Refreshing native plugins compatible for Editor in 0.40 ms, found 1 plugins.
Preloading 0 native plugins for Editor in 0.00 ms.
Invoked RoslynAnalysisRunner static constructor.
RoslynAnalysisRunner will not be running.
RoslynAnalysisRunner has terminated.
Mono: successfully reloaded assembly
- Completed reload, in  0.823 seconds
Platform modules already initialized, skipping
Refreshing native plugins compatible for Editor in 0.35 ms, found 1 plugins.
Preloading 0 native plugins for Editor in 0.00 ms.
Unloading 1794 Unused Serialized files (Serialized files now loaded: 0)
System memory in use before: 89.3 MB.
System memory in use after: 89.3 MB.

Unloading 12 unused Assets to reduce memory usage. Loaded Objects now: 2288.
Total: 1.721600 ms (FindLiveObjects: 0.160000 ms CreateObjectMapping: 0.052600 ms MarkObjects: 1.423000 ms  DeleteObjects: 0.085100 ms)

========================================================================
Received Import Request.
  Time since last request: 930.684681 seconds.
  path: Assets/Simple 2D Platformer BE2/Sprites/Idle.anim
  artifactKey: Guid(59fa2d0957dd13848bbe2cb6aa516f7d) Importer(815301076,1909f56bfc062723c751e8b465ee728b)
Start importing Assets/Simple 2D Platformer BE2/Sprites/Idle.anim using Guid(59fa2d0957dd13848bbe2cb6aa516f7d) Importer(815301076,1909f56bfc062723c751e8b465ee728b)  -> (artifact id: '3e7548510e3d95ecef1c24960edb65b5') in 0.017866 seconds
  Import took 0.021071 seconds .

========================================================================
Received Import Request.
  Time since last request: 0.000435 seconds.
  path: Assets/Simple 2D Platformer BE2/Sprites/Idle.anim
  artifactKey: Guid(59fa2d0957dd13848bbe2cb6aa516f7d) Importer(815301076,1909f56bfc062723c751e8b465ee728b)
Start importing Assets/Simple 2D Platformer BE2/Sprites/Idle.anim using Guid(59fa2d0957dd13848bbe2cb6aa516f7d) Importer(815301076,1909f56bfc062723c751e8b465ee728b)  -> (artifact id: '3e7548510e3d95ecef1c24960edb65b5') in 0.002656 seconds
  Import took 0.005004 seconds .

========================================================================
Received Import Request.
  Time since last request: 10.041395 seconds.
  path: Assets/Simple 2D Platformer BE2/Sprites/Jumping.anim
  artifactKey: Guid(5f212a75c57cfc041937c4fc117f1ddc) Importer(815301076,1909f56bfc062723c751e8b465ee728b)
Start importing Assets/Simple 2D Platformer BE2/Sprites/Jumping.anim using Guid(5f212a75c57cfc041937c4fc117f1ddc) Importer(815301076,1909f56bfc062723c751e8b465ee728b)  -> (artifact id: '9c47ac64e996aa92cfd55db5ed4bf20f') in 0.006108 seconds
  Import took 0.008699 seconds .

========================================================================
Received Import Request.
  Time since last request: 58.674278 seconds.
  path: Assets/Prefabs/Platform.prefab
  artifactKey: Guid(2aac8f315718a154c9c7497907bc3371) Importer(815301076,1909f56bfc062723c751e8b465ee728b)
Start importing Assets/Prefabs/Platform.prefab using Guid(2aac8f315718a154c9c7497907bc3371) Importer(815301076,1909f56bfc062723c751e8b465ee728b)  -> (artifact id: '9090f8437b0c1ca496d9ad4253702b88') in 0.053371 seconds
  Import took 0.056183 seconds .

========================================================================
Received Import Request.
  Time since last request: 754.025910 seconds.
  path: Assets/Materials/Bouncy.physicMaterial
  artifactKey: Guid(7c920f2b5cc9a7249ae5fc7fdbe44c74) Importer(815301076,1909f56bfc062723c751e8b465ee728b)
Start importing Assets/Materials/Bouncy.physicMaterial using Guid(7c920f2b5cc9a7249ae5fc7fdbe44c74) Importer(815301076,1909f56bfc062723c751e8b465ee728b)  -> (artifact id: '81f5c4dc34fc59eda2b43df88405d077') in 0.008169 seconds
  Import took 0.011226 seconds .

========================================================================
Received Import Request.
  Time since last request: 0.003743 seconds.
  path: Assets/Materials/Bouncy.physicMaterial
  artifactKey: Guid(7c920f2b5cc9a7249ae5fc7fdbe44c74) Importer(815301076,1909f56bfc062723c751e8b465ee728b)
Start importing Assets/Materials/Bouncy.physicMaterial using Guid(7c920f2b5cc9a7249ae5fc7fdbe44c74) Importer(815301076,1909f56bfc062723c751e8b465ee728b)  -> (artifact id: '81f5c4dc34fc59eda2b43df88405d077') in 0.002569 seconds
  Import took 0.005067 seconds .

========================================================================
Received Import Request.
  Time since last request: 169.483737 seconds.
  path: Assets/Simple 2D Platformer BE2
  artifactKey: Guid(039212f8b1324804c80140895aa6f7b5) Importer(815301076,1909f56bfc062723c751e8b465ee728b)
Start importing Assets/Simple 2D Platformer BE2 using Guid(039212f8b1324804c80140895aa6f7b5) Importer(815301076,1909f56bfc062723c751e8b465ee728b)  -> (artifact id: '6179df5707ad267ec3559713158f758a') in 0.007042 seconds
  Import took 0.009841 seconds .

========================================================================
Received Import Request.
  Time since last request: 1.097746 seconds.
  path: Assets/Scenes
  artifactKey: Guid(6aa26bc327febf3459c5c06a8f78f0ec) Importer(815301076,1909f56bfc062723c751e8b465ee728b)
Start importing Assets/Scenes using Guid(6aa26bc327febf3459c5c06a8f78f0ec) Importer(815301076,1909f56bfc062723c751e8b465ee728b)  -> (artifact id: 'e5a5c449ae8b47680d85a02ff4e45117') in 0.005993 seconds
  Import took 0.008548 seconds .

========================================================================
Received Import Request.
  Time since last request: 623.231220 seconds.
  path: Assets/Materials/Bouncy.physicMaterial
  artifactKey: Guid(7c920f2b5cc9a7249ae5fc7fdbe44c74) Importer(815301076,1909f56bfc062723c751e8b465ee728b)
Start importing Assets/Materials/Bouncy.physicMaterial using Guid(7c920f2b5cc9a7249ae5fc7fdbe44c74) Importer(815301076,1909f56bfc062723c751e8b465ee728b)  -> (artifact id: '33783786e93433436a5698a7f973ebe5') in 0.002766 seconds
  Import took 0.005873 seconds .

========================================================================
Received Import Request.
  Time since last request: 47540.518759 seconds.
  path: Assets/Scripts/PlayerController.cs
  artifactKey: Guid(9fc6c9e03f196f64097922f668fd0510) Importer(815301076,1909f56bfc062723c751e8b465ee728b)
Start importing Assets/Scripts/PlayerController.cs using Guid(9fc6c9e03f196f64097922f668fd0510) Importer(815301076,1909f56bfc062723c751e8b465ee728b)  -> (artifact id: '1bd3a194871ddb44e73d1bcfb68691fd') in 0.019618 seconds
  Import took 0.084449 seconds .

========================================================================
Received Import Request.
  Time since last request: 0.101813 seconds.
  path: Assets/Scripts/PlayerController.cs
  artifactKey: Guid(9fc6c9e03f196f64097922f668fd0510) Importer(815301076,1909f56bfc062723c751e8b465ee728b)
Start importing Assets/Scripts/PlayerController.cs using Guid(9fc6c9e03f196f64097922f668fd0510) Importer(815301076,1909f56bfc062723c751e8b465ee728b)  -> (artifact id: '1bd3a194871ddb44e73d1bcfb68691fd') in 0.008664 seconds
  Import took 0.012255 seconds .

========================================================================
Received Prepare
Registering precompiled user dll's ...
Registered in 0.181452 seconds.
Begin MonoManager ReloadAssembly
Native extension for LinuxStandalone target not found
Native extension for WindowsStandalone target not found
Native extension for OSXStandalone target not found
Refreshing native plugins compatible for Editor in 0.35 ms, found 1 plugins.
Preloading 0 native plugins for Editor in 0.00 ms.
Invoked RoslynAnalysisRunner static constructor.
RoslynAnalysisRunner will not be running.
RoslynAnalysisRunner has terminated.
Mono: successfully reloaded assembly
- Completed reload, in  1.019 seconds
Platform modules already initialized, skipping
Refreshing native plugins compatible for Editor in 0.37 ms, found 1 plugins.
Preloading 0 native plugins for Editor in 0.00 ms.
Unloading 1794 Unused Serialized files (Serialized files now loaded: 0)
System memory in use before: 89.5 MB.
System memory in use after: 89.5 MB.

Unloading 12 unused Assets to reduce memory usage. Loaded Objects now: 2295.
Total: 3.949300 ms (FindLiveObjects: 0.189200 ms CreateObjectMapping: 0.075700 ms MarkObjects: 3.075500 ms  DeleteObjects: 0.605700 ms)

========================================================================
Received Prepare
Registering precompiled user dll's ...
Registered in 0.001239 seconds.
Begin MonoManager ReloadAssembly
Native extension for LinuxStandalone target not found
Native extension for WindowsStandalone target not found
Native extension for OSXStandalone target not found
Refreshing native plugins compatible for Editor in 0.33 ms, found 1 plugins.
Preloading 0 native plugins for Editor in 0.00 ms.
Invoked RoslynAnalysisRunner static constructor.
RoslynAnalysisRunner will not be running.
RoslynAnalysisRunner has terminated.
Mono: successfully reloaded assembly
- Completed reload, in  0.873 seconds
Platform modules already initialized, skipping
Refreshing native plugins compatible for Editor in 0.32 ms, found 1 plugins.
Preloading 0 native plugins for Editor in 0.00 ms.
Unloading 1794 Unused Serialized files (Serialized files now loaded: 0)
System memory in use before: 89.6 MB.
System memory in use after: 89.6 MB.

Unloading 12 unused Assets to reduce memory usage. Loaded Objects now: 2298.
Total: 2.463600 ms (FindLiveObjects: 0.263000 ms CreateObjectMapping: 0.084900 ms MarkObjects: 2.005300 ms  DeleteObjects: 0.108900 ms)

========================================================================
Received Import Request.
  Time since last request: 64.431406 seconds.
  path: Assets/Scripts/PlayerController.cs
  artifactKey: Guid(9fc6c9e03f196f64097922f668fd0510) Importer(815301076,1909f56bfc062723c751e8b465ee728b)
Start importing Assets/Scripts/PlayerController.cs using Guid(9fc6c9e03f196f64097922f668fd0510) Importer(815301076,1909f56bfc062723c751e8b465ee728b)  -> (artifact id: '3296685aa0ec0d7db64c6037750964d7') in 0.005276 seconds
  Import took 0.064862 seconds .

========================================================================
Received Import Request.
  Time since last request: 19.755645 seconds.
  path: Assets/Scripts/PlayerController.cs
  artifactKey: Guid(9fc6c9e03f196f64097922f668fd0510) Importer(815301076,1909f56bfc062723c751e8b465ee728b)
Start importing Assets/Scripts/PlayerController.cs using Guid(9fc6c9e03f196f64097922f668fd0510) Importer(815301076,1909f56bfc062723c751e8b465ee728b)  -> (artifact id: '1af74b6376ed6cf3d669e94675da10f9') in 0.001563 seconds
  Import took 0.012182 seconds .

========================================================================
Received Import Request.
  Time since last request: 51.590922 seconds.
  path: Assets/Scripts/PlayerController.cs
  artifactKey: Guid(9fc6c9e03f196f64097922f668fd0510) Importer(815301076,1909f56bfc062723c751e8b465ee728b)
Start importing Assets/Scripts/PlayerController.cs using Guid(9fc6c9e03f196f64097922f668fd0510) Importer(815301076,1909f56bfc062723c751e8b465ee728b)  -> (artifact id: '4480678fb24e6e98ce1346136dcef057') in 0.002081 seconds
  Import took 0.029517 seconds .

========================================================================
Received Import Request.
  Time since last request: 0.048861 seconds.
  path: Assets/Scripts/PlayerController.cs
  artifactKey: Guid(9fc6c9e03f196f64097922f668fd0510) Importer(815301076,1909f56bfc062723c751e8b465ee728b)
Start importing Assets/Scripts/PlayerController.cs using Guid(9fc6c9e03f196f64097922f668fd0510) Importer(815301076,1909f56bfc062723c751e8b465ee728b)  -> (artifact id: '4480678fb24e6e98ce1346136dcef057') in 0.019200 seconds
  Import took 0.022403 seconds .

========================================================================
Received Import Request.
  Time since last request: 38.745583 seconds.
  path: Assets/Scripts/PlayerController.cs
  artifactKey: Guid(9fc6c9e03f196f64097922f668fd0510) Importer(815301076,1909f56bfc062723c751e8b465ee728b)
Start importing Assets/Scripts/PlayerController.cs using Guid(9fc6c9e03f196f64097922f668fd0510) Importer(815301076,1909f56bfc062723c751e8b465ee728b)  -> (artifact id: 'cce4edf4098d905f0d66f514401994ac') in 0.013742 seconds
  Import took 0.016935 seconds .

========================================================================
Received Import Request.
  Time since last request: 1.272297 seconds.
  path: Assets/Scripts/PlayerController.cs
  artifactKey: Guid(9fc6c9e03f196f64097922f668fd0510) Importer(815301076,1909f56bfc062723c751e8b465ee728b)
Start importing Assets/Scripts/PlayerController.cs using Guid(9fc6c9e03f196f64097922f668fd0510) Importer(815301076,1909f56bfc062723c751e8b465ee728b)  -> (artifact id: '9a0d0ea267a53c1d01821e66f4c89e29') in 0.002245 seconds
  Import took 0.046542 seconds .

========================================================================
Received Import Request.
  Time since last request: 4.571088 seconds.
  path: Assets/Scripts/PlayerController.cs
  artifactKey: Guid(9fc6c9e03f196f64097922f668fd0510) Importer(815301076,1909f56bfc062723c751e8b465ee728b)
Start importing Assets/Scripts/PlayerController.cs using Guid(9fc6c9e03f196f64097922f668fd0510) Importer(815301076,1909f56bfc062723c751e8b465ee728b)  -> (artifact id: '8cacad79e7a1a5e7750573d76fb6afe7') in 0.020411 seconds
  Import took 0.048997 seconds .

========================================================================
Received Import Request.
  Time since last request: 0.022105 seconds.
  path: Assets/Scripts/PlayerController.cs
  artifactKey: Guid(9fc6c9e03f196f64097922f668fd0510) Importer(815301076,1909f56bfc062723c751e8b465ee728b)
Start importing Assets/Scripts/PlayerController.cs using Guid(9fc6c9e03f196f64097922f668fd0510) Importer(815301076,1909f56bfc062723c751e8b465ee728b)  -> (artifact id: '8cacad79e7a1a5e7750573d76fb6afe7') in 0.002432 seconds
  Import took 0.006464 seconds .

========================================================================
Received Import Request.
  Time since last request: 8.051105 seconds.
  path: Assets/Scripts/PlayerController.cs
  artifactKey: Guid(9fc6c9e03f196f64097922f668fd0510) Importer(815301076,1909f56bfc062723c751e8b465ee728b)
Start importing Assets/Scripts/PlayerController.cs using Guid(9fc6c9e03f196f64097922f668fd0510) Importer(815301076,1909f56bfc062723c751e8b465ee728b)  -> (artifact id: '075fa22a8dffa223e967cff831a3f5e1') in 0.001635 seconds
  Import took 0.020368 seconds .

========================================================================
Received Import Request.
  Time since last request: 0.041543 seconds.
  path: Assets/Scripts/PlayerController.cs
  artifactKey: Guid(9fc6c9e03f196f64097922f668fd0510) Importer(815301076,1909f56bfc062723c751e8b465ee728b)
Start importing Assets/Scripts/PlayerController.cs using Guid(9fc6c9e03f196f64097922f668fd0510) Importer(815301076,1909f56bfc062723c751e8b465ee728b)  -> (artifact id: '075fa22a8dffa223e967cff831a3f5e1') in 0.036330 seconds
  Import took 0.043291 seconds .

========================================================================
Received Prepare
Registering precompiled user dll's ...
Registered in 0.000944 seconds.
Begin MonoManager ReloadAssembly
Native extension for LinuxStandalone target not found
Native extension for WindowsStandalone target not found
Native extension for OSXStandalone target not found
Refreshing native plugins compatible for Editor in 0.55 ms, found 1 plugins.
Preloading 0 native plugins for Editor in 0.00 ms.
Invoked RoslynAnalysisRunner static constructor.
RoslynAnalysisRunner will not be running.
RoslynAnalysisRunner has terminated.
Mono: successfully reloaded assembly
- Completed reload, in  0.940 seconds
Platform modules already initialized, skipping
Refreshing native plugins compatible for Editor in 0.39 ms, found 1 plugins.
Preloading 0 native plugins for Editor in 0.00 ms.
Unloading 1794 Unused Serialized files (Serialized files now loaded: 0)
System memory in use before: 89.7 MB.
System memory in use after: 89.7 MB.

Unloading 12 unused Assets to reduce memory usage. Loaded Objects now: 2301.
Total: 1.834000 ms (FindLiveObjects: 0.167600 ms CreateObjectMapping: 0.057900 ms MarkObjects: 1.516900 ms  DeleteObjects: 0.090700 ms)

========================================================================
Received Prepare
Registering precompiled user dll's ...
Registered in 0.001231 seconds.
Begin MonoManager ReloadAssembly
Native extension for LinuxStandalone target not found
Native extension for WindowsStandalone target not found
Native extension for OSXStandalone target not found
Refreshing native plugins compatible for Editor in 0.31 ms, found 1 plugins.
Preloading 0 native plugins for Editor in 0.00 ms.
Invoked RoslynAnalysisRunner static constructor.
RoslynAnalysisRunner will not be running.
RoslynAnalysisRunner has terminated.
Mono: successfully reloaded assembly
- Completed reload, in  0.962 seconds
Platform modules already initialized, skipping
Refreshing native plugins compatible for Editor in 0.39 ms, found 1 plugins.
Preloading 0 native plugins for Editor in 0.00 ms.
Unloading 1794 Unused Serialized files (Serialized files now loaded: 0)
System memory in use before: 89.9 MB.
System memory in use after: 89.9 MB.

Unloading 12 unused Assets to reduce memory usage. Loaded Objects now: 2304.
Total: 3.723700 ms (FindLiveObjects: 0.417000 ms CreateObjectMapping: 0.143600 ms MarkObjects: 3.030300 ms  DeleteObjects: 0.131100 ms)

========================================================================
Received Prepare
Registering precompiled user dll's ...
Registered in 0.001571 seconds.
Begin MonoManager ReloadAssembly
Native extension for LinuxStandalone target not found
Native extension for WindowsStandalone target not found
Native extension for OSXStandalone target not found
Refreshing native plugins compatible for Editor in 0.33 ms, found 1 plugins.
Preloading 0 native plugins for Editor in 0.00 ms.
Invoked RoslynAnalysisRunner static constructor.
RoslynAnalysisRunner will not be running.
RoslynAnalysisRunner has terminated.
Mono: successfully reloaded assembly
- Completed reload, in  0.819 seconds
Platform modules already initialized, skipping
Refreshing native plugins compatible for Editor in 0.36 ms, found 1 plugins.
Preloading 0 native plugins for Editor in 0.00 ms.
Unloading 1794 Unused Serialized files (Serialized files now loaded: 0)
System memory in use before: 90.0 MB.
System memory in use after: 90.0 MB.

Unloading 12 unused Assets to reduce memory usage. Loaded Objects now: 2307.
Total: 1.823700 ms (FindLiveObjects: 0.181200 ms CreateObjectMapping: 0.073400 ms MarkObjects: 1.474600 ms  DeleteObjects: 0.093800 ms)

========================================================================
Received Prepare
Registering precompiled user dll's ...
Registered in 0.000978 seconds.
Begin MonoManager ReloadAssembly
Native extension for LinuxStandalone target not found
Native extension for WindowsStandalone target not found
Native extension for OSXStandalone target not found
Refreshing native plugins compatible for Editor in 0.66 ms, found 1 plugins.
Preloading 0 native plugins for Editor in 0.00 ms.
Invoked RoslynAnalysisRunner static constructor.
RoslynAnalysisRunner will not be running.
RoslynAnalysisRunner has terminated.
Mono: successfully reloaded assembly
- Completed reload, in  0.866 seconds
Platform modules already initialized, skipping
Refreshing native plugins compatible for Editor in 0.45 ms, found 1 plugins.
Preloading 0 native plugins for Editor in 0.00 ms.
Unloading 1794 Unused Serialized files (Serialized files now loaded: 0)
System memory in use before: 90.2 MB.
System memory in use after: 90.2 MB.

Unloading 12 unused Assets to reduce memory usage. Loaded Objects now: 2310.
Total: 1.837000 ms (FindLiveObjects: 0.172100 ms CreateObjectMapping: 0.060800 ms MarkObjects: 1.501500 ms  DeleteObjects: 0.101600 ms)

========================================================================
Received Prepare
Registering precompiled user dll's ...
Registered in 0.002227 seconds.
Begin MonoManager ReloadAssembly
Native extension for LinuxStandalone target not found
Native extension for WindowsStandalone target not found
Native extension for OSXStandalone target not found
Refreshing native plugins compatible for Editor in 0.33 ms, found 1 plugins.
Preloading 0 native plugins for Editor in 0.00 ms.
Invoked RoslynAnalysisRunner static constructor.
RoslynAnalysisRunner will not be running.
RoslynAnalysisRunner has terminated.
Mono: successfully reloaded assembly
- Completed reload, in  0.773 seconds
Platform modules already initialized, skipping
Refreshing native plugins compatible for Editor in 0.32 ms, found 1 plugins.
Preloading 0 native plugins for Editor in 0.00 ms.
Unloading 1794 Unused Serialized files (Serialized files now loaded: 0)
System memory in use before: 90.3 MB.
System memory in use after: 90.3 MB.

Unloading 12 unused Assets to reduce memory usage. Loaded Objects now: 2313.
Total: 2.067200 ms (FindLiveObjects: 0.179200 ms CreateObjectMapping: 0.062500 ms MarkObjects: 1.726900 ms  DeleteObjects: 0.097400 ms)

========================================================================
Received Prepare
Registering precompiled user dll's ...
Registered in 0.000917 seconds.
Begin MonoManager ReloadAssembly
Native extension for LinuxStandalone target not found
Native extension for WindowsStandalone target not found
Native extension for OSXStandalone target not found
Refreshing native plugins compatible for Editor in 0.33 ms, found 1 plugins.
Preloading 0 native plugins for Editor in 0.00 ms.
Invoked RoslynAnalysisRunner static constructor.
RoslynAnalysisRunner will not be running.
RoslynAnalysisRunner has terminated.
Mono: successfully reloaded assembly
- Completed reload, in  0.830 seconds
Platform modules already initialized, skipping
Refreshing native plugins compatible for Editor in 0.53 ms, found 1 plugins.
Preloading 0 native plugins for Editor in 0.00 ms.
Unloading 1794 Unused Serialized files (Serialized files now loaded: 0)
System memory in use before: 90.4 MB.
System memory in use after: 90.4 MB.

Unloading 12 unused Assets to reduce memory usage. Loaded Objects now: 2316.
Total: 2.619200 ms (FindLiveObjects: 0.221100 ms CreateObjectMapping: 0.080600 ms MarkObjects: 2.218800 ms  DeleteObjects: 0.097400 ms)

========================================================================
Received Prepare
Registering precompiled user dll's ...
Registered in 0.000911 seconds.
Begin MonoManager ReloadAssembly
Native extension for LinuxStandalone target not found
Native extension for WindowsStandalone target not found
Native extension for OSXStandalone target not found
Refreshing native plugins compatible for Editor in 0.32 ms, found 1 plugins.
Preloading 0 native plugins for Editor in 0.00 ms.
Invoked RoslynAnalysisRunner static constructor.
RoslynAnalysisRunner will not be running.
RoslynAnalysisRunner has terminated.
Mono: successfully reloaded assembly
- Completed reload, in  0.790 seconds
Platform modules already initialized, skipping
Refreshing native plugins compatible for Editor in 0.31 ms, found 1 plugins.
Preloading 0 native plugins for Editor in 0.00 ms.
Unloading 1794 Unused Serialized files (Serialized files now loaded: 0)
System memory in use before: 89.6 MB.
System memory in use after: 89.6 MB.

Unloading 12 unused Assets to reduce memory usage. Loaded Objects now: 2319.
Total: 2.635300 ms (FindLiveObjects: 0.242600 ms CreateObjectMapping: 0.072000 ms MarkObjects: 2.201000 ms  DeleteObjects: 0.118800 ms)

========================================================================
Received Prepare
Registering precompiled user dll's ...
Registered in 0.001704 seconds.
Begin MonoManager ReloadAssembly
Native extension for LinuxStandalone target not found
Native extension for WindowsStandalone target not found
Native extension for OSXStandalone target not found
Refreshing native plugins compatible for Editor in 0.70 ms, found 1 plugins.
Preloading 0 native plugins for Editor in 0.00 ms.
Invoked RoslynAnalysisRunner static constructor.
RoslynAnalysisRunner will not be running.
RoslynAnalysisRunner has terminated.
Mono: successfully reloaded assembly
- Completed reload, in  0.872 seconds
Platform modules already initialized, skipping
Refreshing native plugins compatible for Editor in 0.33 ms, found 1 plugins.
Preloading 0 native plugins for Editor in 0.00 ms.
Unloading 1794 Unused Serialized files (Serialized files now loaded: 0)
System memory in use before: 89.7 MB.
System memory in use after: 89.7 MB.

Unloading 12 unused Assets to reduce memory usage. Loaded Objects now: 2322.
Total: 2.033100 ms (FindLiveObjects: 0.173200 ms CreateObjectMapping: 0.059500 ms MarkObjects: 1.675900 ms  DeleteObjects: 0.123600 ms)

========================================================================
Received Prepare
Registering precompiled user dll's ...
Registered in 0.000945 seconds.
Begin MonoManager ReloadAssembly
Native extension for LinuxStandalone target not found
Native extension for WindowsStandalone target not found
Native extension for OSXStandalone target not found
Refreshing native plugins compatible for Editor in 0.40 ms, found 1 plugins.
Preloading 0 native plugins for Editor in 0.00 ms.
Invoked RoslynAnalysisRunner static constructor.
RoslynAnalysisRunner will not be running.
RoslynAnalysisRunner has terminated.
Mono: successfully reloaded assembly
- Completed reload, in  0.827 seconds
Platform modules already initialized, skipping
Refreshing native plugins compatible for Editor in 0.35 ms, found 1 plugins.
Preloading 0 native plugins for Editor in 0.00 ms.
Unloading 1794 Unused Serialized files (Serialized files now loaded: 0)
System memory in use before: 89.8 MB.
System memory in use after: 89.8 MB.

Unloading 12 unused Assets to reduce memory usage. Loaded Objects now: 2325.
Total: 1.874400 ms (FindLiveObjects: 0.183000 ms CreateObjectMapping: 0.064900 ms MarkObjects: 1.528300 ms  DeleteObjects: 0.096700 ms)

========================================================================
Received Prepare
Registering precompiled user dll's ...
Registered in 0.000908 seconds.
Begin MonoManager ReloadAssembly
Native extension for LinuxStandalone target not found
Native extension for WindowsStandalone target not found
Native extension for OSXStandalone target not found
Refreshing native plugins compatible for Editor in 0.32 ms, found 1 plugins.
Preloading 0 native plugins for Editor in 0.00 ms.
Invoked RoslynAnalysisRunner static constructor.
RoslynAnalysisRunner will not be running.
RoslynAnalysisRunner has terminated.
Mono: successfully reloaded assembly
- Completed reload, in  0.837 seconds
Platform modules already initialized, skipping
Refreshing native plugins compatible for Editor in 0.61 ms, found 1 plugins.
Preloading 0 native plugins for Editor in 0.00 ms.
Unloading 1794 Unused Serialized files (Serialized files now loaded: 0)
System memory in use before: 90.0 MB.
System memory in use after: 90.0 MB.

Unloading 12 unused Assets to reduce memory usage. Loaded Objects now: 2328.
Total: 2.239600 ms (FindLiveObjects: 0.320700 ms CreateObjectMapping: 0.106300 ms MarkObjects: 1.706600 ms  DeleteObjects: 0.104500 ms)

========================================================================
Received Prepare
Registering precompiled user dll's ...
Registered in 0.001023 seconds.
Begin MonoManager ReloadAssembly
Native extension for LinuxStandalone target not found
Native extension for WindowsStandalone target not found
Native extension for OSXStandalone target not found
Refreshing native plugins compatible for Editor in 0.32 ms, found 1 plugins.
Preloading 0 native plugins for Editor in 0.00 ms.
Invoked RoslynAnalysisRunner static constructor.
RoslynAnalysisRunner will not be running.
RoslynAnalysisRunner has terminated.
Mono: successfully reloaded assembly
- Completed reload, in  0.841 seconds
Platform modules already initialized, skipping
Refreshing native plugins compatible for Editor in 0.40 ms, found 1 plugins.
Preloading 0 native plugins for Editor in 0.00 ms.
Unloading 1794 Unused Serialized files (Serialized files now loaded: 0)
System memory in use before: 90.1 MB.
System memory in use after: 90.1 MB.

Unloading 12 unused Assets to reduce memory usage. Loaded Objects now: 2331.
Total: 2.853500 ms (FindLiveObjects: 0.274500 ms CreateObjectMapping: 0.084600 ms MarkObjects: 2.347200 ms  DeleteObjects: 0.145600 ms)

========================================================================
Received Prepare
Registering precompiled user dll's ...
Registered in 0.001385 seconds.
Begin MonoManager ReloadAssembly
Native extension for LinuxStandalone target not found
Native extension for WindowsStandalone target not found
Native extension for OSXStandalone target not found
Refreshing native plugins compatible for Editor in 0.31 ms, found 1 plugins.
Preloading 0 native plugins for Editor in 0.00 ms.
Invoked RoslynAnalysisRunner static constructor.
RoslynAnalysisRunner will not be running.
RoslynAnalysisRunner has terminated.
Mono: successfully reloaded assembly
- Completed reload, in  0.803 seconds
Platform modules already initialized, skipping
Refreshing native plugins compatible for Editor in 0.32 ms, found 1 plugins.
Preloading 0 native plugins for Editor in 0.00 ms.
Unloading 1794 Unused Serialized files (Serialized files now loaded: 0)
System memory in use before: 90.2 MB.
System memory in use after: 90.2 MB.

Unloading 12 unused Assets to reduce memory usage. Loaded Objects now: 2334.
Total: 2.133600 ms (FindLiveObjects: 0.252900 ms CreateObjectMapping: 0.079900 ms MarkObjects: 1.698400 ms  DeleteObjects: 0.100400 ms)

========================================================================
Received Prepare
Registering precompiled user dll's ...
Registered in 0.001307 seconds.
Begin MonoManager ReloadAssembly
Native extension for LinuxStandalone target not found
Native extension for WindowsStandalone target not found
Native extension for OSXStandalone target not found
Refreshing native plugins compatible for Editor in 0.33 ms, found 1 plugins.
Preloading 0 native plugins for Editor in 0.00 ms.
Invoked RoslynAnalysisRunner static constructor.
RoslynAnalysisRunner will not be running.
RoslynAnalysisRunner has terminated.
Mono: successfully reloaded assembly
- Completed reload, in  0.912 seconds
Platform modules already initialized, skipping
Refreshing native plugins compatible for Editor in 0.32 ms, found 1 plugins.
Preloading 0 native plugins for Editor in 0.00 ms.
Unloading 1794 Unused Serialized files (Serialized files now loaded: 0)
System memory in use before: 90.4 MB.
System memory in use after: 90.4 MB.

Unloading 12 unused Assets to reduce memory usage. Loaded Objects now: 2337.
Total: 1.863700 ms (FindLiveObjects: 0.165800 ms CreateObjectMapping: 0.059000 ms MarkObjects: 1.542200 ms  DeleteObjects: 0.095700 ms)

========================================================================
Received Prepare
Registering precompiled user dll's ...
Registered in 0.001138 seconds.
Begin MonoManager ReloadAssembly
Native extension for LinuxStandalone target not found
Native extension for WindowsStandalone target not found
Native extension for OSXStandalone target not found
Refreshing native plugins compatible for Editor in 0.56 ms, found 1 plugins.
Preloading 0 native plugins for Editor in 0.00 ms.
Invoked RoslynAnalysisRunner static constructor.
RoslynAnalysisRunner will not be running.
RoslynAnalysisRunner has terminated.
Mono: successfully reloaded assembly
- Completed reload, in  0.818 seconds
Platform modules already initialized, skipping
Refreshing native plugins compatible for Editor in 0.31 ms, found 1 plugins.
Preloading 0 native plugins for Editor in 0.00 ms.
Unloading 1794 Unused Serialized files (Serialized files now loaded: 0)
System memory in use before: 90.4 MB.
System memory in use after: 90.4 MB.

Unloading 12 unused Assets to reduce memory usage. Loaded Objects now: 2340.
Total: 1.953400 ms (FindLiveObjects: 0.174100 ms CreateObjectMapping: 0.063300 ms MarkObjects: 1.616300 ms  DeleteObjects: 0.098600 ms)

========================================================================
Received Prepare
Registering precompiled user dll's ...
Registered in 0.000933 seconds.
Begin MonoManager ReloadAssembly
Native extension for LinuxStandalone target not found
Native extension for WindowsStandalone target not found
Native extension for OSXStandalone target not found
Refreshing native plugins compatible for Editor in 0.32 ms, found 1 plugins.
Preloading 0 native plugins for Editor in 0.00 ms.
Invoked RoslynAnalysisRunner static constructor.
RoslynAnalysisRunner will not be running.
RoslynAnalysisRunner has terminated.
Mono: successfully reloaded assembly
- Completed reload, in  0.799 seconds
Platform modules already initialized, skipping
Refreshing native plugins compatible for Editor in 0.56 ms, found 1 plugins.
Preloading 0 native plugins for Editor in 0.00 ms.
Unloading 1794 Unused Serialized files (Serialized files now loaded: 0)
System memory in use before: 89.7 MB.
System memory in use after: 89.7 MB.

Unloading 12 unused Assets to reduce memory usage. Loaded Objects now: 2343.
Total: 2.478800 ms (FindLiveObjects: 0.319200 ms CreateObjectMapping: 0.090200 ms MarkObjects: 1.952600 ms  DeleteObjects: 0.114700 ms)

========================================================================
Received Prepare
Registering precompiled user dll's ...
Registered in 0.000927 seconds.
Begin MonoManager ReloadAssembly
Native extension for LinuxStandalone target not found
Native extension for WindowsStandalone target not found
Native extension for OSXStandalone target not found
Refreshing native plugins compatible for Editor in 0.38 ms, found 1 plugins.
Preloading 0 native plugins for Editor in 0.00 ms.
Invoked RoslynAnalysisRunner static constructor.
RoslynAnalysisRunner will not be running.
RoslynAnalysisRunner has terminated.
Mono: successfully reloaded assembly
- Completed reload, in  0.879 seconds
Platform modules already initialized, skipping
Refreshing native plugins compatible for Editor in 0.33 ms, found 1 plugins.
Preloading 0 native plugins for Editor in 0.00 ms.
Unloading 1794 Unused Serialized files (Serialized files now loaded: 0)
System memory in use before: 89.8 MB.
System memory in use after: 89.8 MB.

Unloading 12 unused Assets to reduce memory usage. Loaded Objects now: 2346.
Total: 2.685200 ms (FindLiveObjects: 0.382300 ms CreateObjectMapping: 0.060800 ms MarkObjects: 2.143500 ms  DeleteObjects: 0.097300 ms)

========================================================================
Received Prepare
Registering precompiled user dll's ...
Registered in 0.000968 seconds.
Begin MonoManager ReloadAssembly
Native extension for LinuxStandalone target not found
Native extension for WindowsStandalone target not found
Native extension for OSXStandalone target not found
Refreshing native plugins compatible for Editor in 0.44 ms, found 1 plugins.
Preloading 0 native plugins for Editor in 0.00 ms.
Invoked RoslynAnalysisRunner static constructor.
RoslynAnalysisRunner will not be running.
RoslynAnalysisRunner has terminated.
Mono: successfully reloaded assembly
- Completed reload, in  0.784 seconds
Platform modules already initialized, skipping
Refreshing native plugins compatible for Editor in 0.31 ms, found 1 plugins.
Preloading 0 native plugins for Editor in 0.00 ms.
Unloading 1794 Unused Serialized files (Serialized files now loaded: 0)
System memory in use before: 89.9 MB.
System memory in use after: 89.9 MB.

Unloading 12 unused Assets to reduce memory usage. Loaded Objects now: 2349.
Total: 1.843800 ms (FindLiveObjects: 0.237300 ms CreateObjectMapping: 0.092100 ms MarkObjects: 1.400800 ms  DeleteObjects: 0.112400 ms)

========================================================================
Received Prepare
Registering precompiled user dll's ...
Registered in 0.001585 seconds.
Begin MonoManager ReloadAssembly
Native extension for LinuxStandalone target not found
Native extension for WindowsStandalone target not found
Native extension for OSXStandalone target not found
Refreshing native plugins compatible for Editor in 0.52 ms, found 1 plugins.
Preloading 0 native plugins for Editor in 0.00 ms.
Invoked RoslynAnalysisRunner static constructor.
RoslynAnalysisRunner will not be running.
RoslynAnalysisRunner has terminated.
Mono: successfully reloaded assembly
- Completed reload, in  1.077 seconds
Platform modules already initialized, skipping
Refreshing native plugins compatible for Editor in 0.32 ms, found 1 plugins.
Preloading 0 native plugins for Editor in 0.00 ms.
Unloading 1794 Unused Serialized files (Serialized files now loaded: 0)
System memory in use before: 90.1 MB.
System memory in use after: 90.1 MB.

Unloading 12 unused Assets to reduce memory usage. Loaded Objects now: 2352.
Total: 3.040100 ms (FindLiveObjects: 0.523300 ms CreateObjectMapping: 0.216900 ms MarkObjects: 2.189000 ms  DeleteObjects: 0.108800 ms)

========================================================================
Received Import Request.
  Time since last request: 639.202233 seconds.
  path: Assets/Prefabs/Platform.prefab
  artifactKey: Guid(2aac8f315718a154c9c7497907bc3371) Importer(815301076,1909f56bfc062723c751e8b465ee728b)
Start importing Assets/Prefabs/Platform.prefab using Guid(2aac8f315718a154c9c7497907bc3371) Importer(815301076,1909f56bfc062723c751e8b465ee728b)  -> (artifact id: '288f5743e544ea0fe00a7b08803a26b8') in 0.204807 seconds
  Import took 0.239388 seconds .

========================================================================
Received Prepare
Registering precompiled user dll's ...
Registered in 0.000972 seconds.
Begin MonoManager ReloadAssembly
Native extension for LinuxStandalone target not found
Native extension for WindowsStandalone target not found
Native extension for OSXStandalone target not found
Refreshing native plugins compatible for Editor in 0.34 ms, found 1 plugins.
Preloading 0 native plugins for Editor in 0.00 ms.
Invoked RoslynAnalysisRunner static constructor.
RoslynAnalysisRunner will not be running.
RoslynAnalysisRunner has terminated.
Mono: successfully reloaded assembly
- Completed reload, in  0.830 seconds
Platform modules already initialized, skipping
Refreshing native plugins compatible for Editor in 0.33 ms, found 1 plugins.
Preloading 0 native plugins for Editor in 0.00 ms.
Unloading 1794 Unused Serialized files (Serialized files now loaded: 0)
System memory in use before: 90.2 MB.
System memory in use after: 90.2 MB.

Unloading 12 unused Assets to reduce memory usage. Loaded Objects now: 2356.
Total: 2.650700 ms (FindLiveObjects: 0.344500 ms CreateObjectMapping: 0.074800 ms MarkObjects: 2.119400 ms  DeleteObjects: 0.110300 ms)

========================================================================
Received Prepare
Registering precompiled user dll's ...
Registered in 0.000947 seconds.
Begin MonoManager ReloadAssembly
Native extension for LinuxStandalone target not found
Native extension for WindowsStandalone target not found
Native extension for OSXStandalone target not found
Refreshing native plugins compatible for Editor in 0.32 ms, found 1 plugins.
Preloading 0 native plugins for Editor in 0.00 ms.
Invoked RoslynAnalysisRunner static constructor.
RoslynAnalysisRunner will not be running.
RoslynAnalysisRunner has terminated.
Mono: successfully reloaded assembly
- Completed reload, in  0.862 seconds
Platform modules already initialized, skipping
Refreshing native plugins compatible for Editor in 0.33 ms, found 1 plugins.
Preloading 0 native plugins for Editor in 0.00 ms.
Unloading 1794 Unused Serialized files (Serialized files now loaded: 0)
System memory in use before: 90.3 MB.
System memory in use after: 90.3 MB.

Unloading 12 unused Assets to reduce memory usage. Loaded Objects now: 2359.
Total: 2.269300 ms (FindLiveObjects: 0.351200 ms CreateObjectMapping: 0.126100 ms MarkObjects: 1.693000 ms  DeleteObjects: 0.097200 ms)

========================================================================
Received Prepare
Registering precompiled user dll's ...
Registered in 0.000988 seconds.
Begin MonoManager ReloadAssembly
Native extension for LinuxStandalone target not found
Native extension for WindowsStandalone target not found
Native extension for OSXStandalone target not found
Refreshing native plugins compatible for Editor in 0.32 ms, found 1 plugins.
Preloading 0 native plugins for Editor in 0.00 ms.
Invoked RoslynAnalysisRunner static constructor.
RoslynAnalysisRunner will not be running.
RoslynAnalysisRunner has terminated.
Mono: successfully reloaded assembly
- Completed reload, in  0.809 seconds
Platform modules already initialized, skipping
Refreshing native plugins compatible for Editor in 0.33 ms, found 1 plugins.
Preloading 0 native plugins for Editor in 0.00 ms.
Unloading 1794 Unused Serialized files (Serialized files now loaded: 0)
System memory in use before: 90.5 MB.
System memory in use after: 90.5 MB.

Unloading 12 unused Assets to reduce memory usage. Loaded Objects now: 2362.
Total: 2.013600 ms (FindLiveObjects: 0.204600 ms CreateObjectMapping: 0.077100 ms MarkObjects: 1.631600 ms  DeleteObjects: 0.099200 ms)

========================================================================
Received Prepare
Registering precompiled user dll's ...
Registered in 0.000940 seconds.
Begin MonoManager ReloadAssembly
Native extension for LinuxStandalone target not found
Native extension for WindowsStandalone target not found
Native extension for OSXStandalone target not found
Refreshing native plugins compatible for Editor in 0.39 ms, found 1 plugins.
Preloading 0 native plugins for Editor in 0.00 ms.
Invoked RoslynAnalysisRunner static constructor.
RoslynAnalysisRunner will not be running.
RoslynAnalysisRunner has terminated.
Mono: successfully reloaded assembly
- Completed reload, in  0.796 seconds
Platform modules already initialized, skipping
Refreshing native plugins compatible for Editor in 0.32 ms, found 1 plugins.
Preloading 0 native plugins for Editor in 0.00 ms.
Unloading 1794 Unused Serialized files (Serialized files now loaded: 0)
System memory in use before: 90.5 MB.
System memory in use after: 90.5 MB.

Unloading 12 unused Assets to reduce memory usage. Loaded Objects now: 2365.
Total: 3.456800 ms (FindLiveObjects: 0.464900 ms CreateObjectMapping: 0.425100 ms MarkObjects: 2.415800 ms  DeleteObjects: 0.149800 ms)

========================================================================
Received Prepare
Registering precompiled user dll's ...
Registered in 0.000954 seconds.
Begin MonoManager ReloadAssembly
Native extension for LinuxStandalone target not found
Native extension for WindowsStandalone target not found
Native extension for OSXStandalone target not found
Refreshing native plugins compatible for Editor in 0.32 ms, found 1 plugins.
Preloading 0 native plugins for Editor in 0.00 ms.
Invoked RoslynAnalysisRunner static constructor.
RoslynAnalysisRunner will not be running.
RoslynAnalysisRunner has terminated.
Mono: successfully reloaded assembly
- Completed reload, in  0.773 seconds
Platform modules already initialized, skipping
Refreshing native plugins compatible for Editor in 0.35 ms, found 1 plugins.
Preloading 0 native plugins for Editor in 0.00 ms.
Unloading 1794 Unused Serialized files (Serialized files now loaded: 0)
System memory in use before: 89.7 MB.
System memory in use after: 89.8 MB.

Unloading 12 unused Assets to reduce memory usage. Loaded Objects now: 2368.
Total: 2.529900 ms (FindLiveObjects: 0.296200 ms CreateObjectMapping: 0.101500 ms MarkObjects: 2.012200 ms  DeleteObjects: 0.118300 ms)

AssetImportWorkerClient::OnTransportError - code=2 error=End of file
